{"/Users/aldanalonghi/Documents/star_wars_api/src/app.module.ts": {"path":"/Users/aldanalonghi/Documents/star_wars_api/src/app.module.ts","statementMap":{"0":{"start":{"line":1,"column":0},"end":{"line":1,"column":40}},"1":{"start":{"line":2,"column":0},"end":{"line":2,"column":48}},"2":{"start":{"line":3,"column":0},"end":{"line":3,"column":59}},"3":{"start":{"line":4,"column":0},"end":{"line":4,"column":66}},"4":{"start":{"line":5,"column":0},"end":{"line":5,"column":50}},"5":{"start":{"line":6,"column":0},"end":{"line":6,"column":28}},"6":{"start":{"line":7,"column":0},"end":{"line":7,"column":102}},"7":{"start":{"line":8,"column":0},"end":{"line":8,"column":56}},"8":{"start":{"line":9,"column":0},"end":{"line":9,"column":46}},"9":{"start":{"line":10,"column":0},"end":{"line":10,"column":54}},"10":{"start":{"line":11,"column":0},"end":{"line":11,"column":62}},"11":{"start":{"line":32,"column":7},"end":{"line":32,"column":null}},"12":{"start":{"line":32,"column":13},"end":{"line":32,"column":22}},"13":{"start":{"line":32,"column":13},"end":{"line":32,"column":null}}},"fnMap":{},"branchMap":{},"s":{"0":0,"1":0,"2":0,"3":0,"4":0,"5":0,"6":0,"7":0,"8":0,"9":0,"10":0,"11":0,"12":0,"13":0},"f":{},"b":{}}
,"/Users/aldanalonghi/Documents/star_wars_api/src/main.ts": {"path":"/Users/aldanalonghi/Documents/star_wars_api/src/main.ts","statementMap":{"0":{"start":{"line":1,"column":0},"end":{"line":1,"column":43}},"1":{"start":{"line":2,"column":0},"end":{"line":2,"column":41}},"2":{"start":{"line":5,"column":14},"end":{"line":5,"column":49}},"3":{"start":{"line":6,"column":2},"end":{"line":6,"column":45}},"4":{"start":{"line":8,"column":0},"end":{"line":8,"column":12}}},"fnMap":{"0":{"name":"bootstrap","decl":{"start":{"line":4,"column":15},"end":{"line":4,"column":24}},"loc":{"start":{"line":4,"column":24},"end":{"line":7,"column":1}}}},"branchMap":{"0":{"loc":{"start":{"line":6,"column":19},"end":{"line":6,"column":43}},"type":"binary-expr","locations":[{"start":{"line":6,"column":19},"end":{"line":6,"column":35}},{"start":{"line":6,"column":39},"end":{"line":6,"column":43}}]}},"s":{"0":0,"1":0,"2":0,"3":0,"4":0},"f":{"0":0},"b":{"0":[0,0]}}
,"/Users/aldanalonghi/Documents/star_wars_api/src/modules/auth/auth.module.ts": {"path":"/Users/aldanalonghi/Documents/star_wars_api/src/modules/auth/auth.module.ts","statementMap":{"0":{"start":{"line":1,"column":0},"end":{"line":1,"column":40}},"1":{"start":{"line":2,"column":0},"end":{"line":2,"column":40}},"2":{"start":{"line":3,"column":0},"end":{"line":3,"column":61}},"3":{"start":{"line":4,"column":0},"end":{"line":4,"column":50}},"4":{"start":{"line":5,"column":0},"end":{"line":5,"column":80}},"5":{"start":{"line":6,"column":0},"end":{"line":6,"column":52}},"6":{"start":{"line":7,"column":0},"end":{"line":7,"column":69}},"7":{"start":{"line":26,"column":7},"end":{"line":26,"column":null}},"8":{"start":{"line":26,"column":13},"end":{"line":26,"column":23}},"9":{"start":{"line":26,"column":13},"end":{"line":26,"column":null}},"10":{"start":{"line":18,"column":59},"end":{"line":21,"column":8}}},"fnMap":{"0":{"name":"(anonymous_1)","decl":{"start":{"line":18,"column":18},"end":{"line":18,"column":23}},"loc":{"start":{"line":18,"column":59},"end":{"line":21,"column":8}}}},"branchMap":{},"s":{"0":0,"1":0,"2":0,"3":0,"4":0,"5":0,"6":0,"7":0,"8":0,"9":0,"10":0},"f":{"0":0},"b":{}}
,"/Users/aldanalonghi/Documents/star_wars_api/src/modules/auth/application/use-cases/Login.ts": {"path":"/Users/aldanalonghi/Documents/star_wars_api/src/modules/auth/application/use-cases/Login.ts","statementMap":{"0":{"start":{"line":1,"column":0},"end":{"line":1,"column":67}},"1":{"start":{"line":2,"column":0},"end":{"line":2,"column":41}},"2":{"start":{"line":3,"column":0},"end":{"line":3,"column":33}},"3":{"start":{"line":4,"column":0},"end":{"line":4,"column":92}},"4":{"start":{"line":7,"column":7},"end":{"line":25,"column":null}},"5":{"start":{"line":9,"column":21},"end":{"line":9,"column":37}},"6":{"start":{"line":10,"column":21},"end":{"line":10,"column":33}},"7":{"start":{"line":14,"column":17},"end":{"line":14,"column":57}},"8":{"start":{"line":15,"column":4},"end":{"line":23,"column":5}},"9":{"start":{"line":16,"column":6},"end":{"line":18,"column":5}},"10":{"start":{"line":17,"column":6},"end":{"line":17,"column":61}},"11":{"start":{"line":19,"column":20},"end":{"line":19,"column":72}},"12":{"start":{"line":20,"column":4},"end":{"line":20,"column":58}},"13":{"start":{"line":22,"column":6},"end":{"line":22,"column":18}},"14":{"start":{"line":7,"column":13},"end":{"line":7,"column":25}},"15":{"start":{"line":7,"column":13},"end":{"line":25,"column":null}}},"fnMap":{"0":{"name":"(anonymous_2)","decl":{"start":{"line":8,"column":2},"end":{"line":8,"column":null}},"loc":{"start":{"line":10,"column":43},"end":{"line":11,"column":6}}},"1":{"name":"(anonymous_3)","decl":{"start":{"line":13,"column":2},"end":{"line":13,"column":7}},"loc":{"start":{"line":13,"column":47},"end":{"line":24,"column":3}}}},"branchMap":{"0":{"loc":{"start":{"line":15,"column":4},"end":{"line":23,"column":5}},"type":"if","locations":[{"start":{"line":15,"column":4},"end":{"line":23,"column":5}},{"start":{"line":21,"column":11},"end":{"line":23,"column":5}}]},"1":{"loc":{"start":{"line":16,"column":6},"end":{"line":18,"column":5}},"type":"if","locations":[{"start":{"line":16,"column":6},"end":{"line":18,"column":5}}]},"2":{"loc":{"start":{"line":16,"column":10},"end":{"line":16,"column":67}},"type":"binary-expr","locations":[{"start":{"line":16,"column":10},"end":{"line":16,"column":15}},{"start":{"line":16,"column":19},"end":{"line":16,"column":67}}]}},"s":{"0":1,"1":1,"2":1,"3":1,"4":1,"5":4,"6":4,"7":3,"8":3,"9":2,"10":1,"11":1,"12":1,"13":1,"14":1,"15":1},"f":{"0":4,"1":3},"b":{"0":[2,1],"1":[1],"2":[2,2]}}
,"/Users/aldanalonghi/Documents/star_wars_api/src/modules/auth/domain/index.ts": {"path":"/Users/aldanalonghi/Documents/star_wars_api/src/modules/auth/domain/index.ts","statementMap":{"0":{"start":{"line":1,"column":0},"end":{"line":1,"column":23}}},"fnMap":{},"branchMap":{},"s":{"0":0},"f":{},"b":{}}
,"/Users/aldanalonghi/Documents/star_wars_api/src/modules/auth/domain/dtos/auth.login.ts": {"path":"/Users/aldanalonghi/Documents/star_wars_api/src/modules/auth/domain/dtos/auth.login.ts","statementMap":{"0":{"start":{"line":1,"column":0},"end":{"line":1,"column":63}},"1":{"start":{"line":4,"column":7},"end":{"line":7,"column":null}},"2":{"start":{"line":4,"column":13},"end":{"line":4,"column":26}},"3":{"start":{"line":6,"column":2},"end":{"line":6,"column":null}},"4":{"start":{"line":4,"column":13},"end":{"line":7,"column":null}},"5":{"start":{"line":10,"column":7},"end":{"line":16,"column":null}},"6":{"start":{"line":10,"column":13},"end":{"line":10,"column":23}},"7":{"start":{"line":12,"column":2},"end":{"line":12,"column":null}},"8":{"start":{"line":15,"column":2},"end":{"line":15,"column":null}},"9":{"start":{"line":10,"column":13},"end":{"line":16,"column":null}}},"fnMap":{},"branchMap":{},"s":{"0":0,"1":0,"2":0,"3":0,"4":0,"5":0,"6":0,"7":0,"8":0,"9":0},"f":{},"b":{}}
,"/Users/aldanalonghi/Documents/star_wars_api/src/modules/auth/domain/dtos/index.ts": {"path":"/Users/aldanalonghi/Documents/star_wars_api/src/modules/auth/domain/dtos/index.ts","statementMap":{"0":{"start":{"line":1,"column":0},"end":{"line":1,"column":29}}},"fnMap":{},"branchMap":{},"s":{"0":0},"f":{},"b":{}}
,"/Users/aldanalonghi/Documents/star_wars_api/src/modules/auth/infrastructure/interface/graphql/auth.resolver.ts": {"path":"/Users/aldanalonghi/Documents/star_wars_api/src/modules/auth/infrastructure/interface/graphql/auth.resolver.ts","statementMap":{"0":{"start":{"line":1,"column":0},"end":{"line":1,"column":59}},"1":{"start":{"line":2,"column":0},"end":{"line":2,"column":73}},"2":{"start":{"line":3,"column":0},"end":{"line":3,"column":76}},"3":{"start":{"line":6,"column":7},"end":{"line":15,"column":null}},"4":{"start":{"line":8,"column":21},"end":{"line":8,"column":35}},"5":{"start":{"line":13,"column":4},"end":{"line":13,"column":76}},"6":{"start":{"line":6,"column":13},"end":{"line":6,"column":25}},"7":{"start":{"line":12,"column":8},"end":{"line":14,"column":null}},"8":{"start":{"line":11,"column":18},"end":{"line":11,"column":31}},"9":{"start":{"line":6,"column":13},"end":{"line":15,"column":null}}},"fnMap":{"0":{"name":"(anonymous_4)","decl":{"start":{"line":7,"column":2},"end":{"line":7,"column":null}},"loc":{"start":{"line":8,"column":47},"end":{"line":9,"column":6}}},"1":{"name":"(anonymous_5)","decl":{"start":{"line":12,"column":2},"end":{"line":12,"column":7}},"loc":{"start":{"line":12,"column":51},"end":{"line":14,"column":3}}},"2":{"name":"(anonymous_6)","decl":{"start":{"line":11,"column":12},"end":{"line":11,"column":15}},"loc":{"start":{"line":11,"column":18},"end":{"line":11,"column":31}}}},"branchMap":{},"s":{"0":0,"1":0,"2":0,"3":0,"4":0,"5":0,"6":0,"7":0,"8":0,"9":0},"f":{"0":0,"1":0,"2":0},"b":{}}
,"/Users/aldanalonghi/Documents/star_wars_api/src/modules/auth/infrastructure/providers/use-cases/index.ts": {"path":"/Users/aldanalonghi/Documents/star_wars_api/src/modules/auth/infrastructure/providers/use-cases/index.ts","statementMap":{"0":{"start":{"line":2,"column":0},"end":{"line":2,"column":41}},"1":{"start":{"line":3,"column":0},"end":{"line":3,"column":76}},"2":{"start":{"line":4,"column":0},"end":{"line":4,"column":95}},"3":{"start":{"line":6,"column":13},"end":{"line":14,"column":2}},"4":{"start":{"line":10,"column":6},"end":{"line":10,"column":58}}},"fnMap":{"0":{"name":"(anonymous_0)","decl":{"start":{"line":9,"column":16},"end":{"line":9,"column":17}},"loc":{"start":{"line":9,"column":82},"end":{"line":11,"column":5}}}},"branchMap":{},"s":{"0":0,"1":0,"2":0,"3":0,"4":0},"f":{"0":0},"b":{}}
,"/Users/aldanalonghi/Documents/star_wars_api/src/modules/movies/movies.module.ts": {"path":"/Users/aldanalonghi/Documents/star_wars_api/src/modules/movies/movies.module.ts","statementMap":{"0":{"start":{"line":1,"column":0},"end":{"line":1,"column":54}},"1":{"start":{"line":2,"column":0},"end":{"line":2,"column":50}},"2":{"start":{"line":3,"column":0},"end":{"line":3,"column":46}},"3":{"start":{"line":4,"column":0},"end":{"line":4,"column":56}},"4":{"start":{"line":5,"column":0},"end":{"line":5,"column":48}},"5":{"start":{"line":6,"column":0},"end":{"line":6,"column":101}},"6":{"start":{"line":7,"column":0},"end":{"line":7,"column":97}},"7":{"start":{"line":8,"column":0},"end":{"line":8,"column":56}},"8":{"start":{"line":9,"column":0},"end":{"line":9,"column":102}},"9":{"start":{"line":10,"column":0},"end":{"line":10,"column":83}},"10":{"start":{"line":11,"column":0},"end":{"line":11,"column":41}},"11":{"start":{"line":19,"column":7},"end":{"line":25,"column":null}},"12":{"start":{"line":20,"column":31},"end":{"line":20,"column":45}},"13":{"start":{"line":23,"column":4},"end":{"line":23,"column":51}},"14":{"start":{"line":19,"column":13},"end":{"line":19,"column":25}},"15":{"start":{"line":19,"column":13},"end":{"line":25,"column":null}}},"fnMap":{"0":{"name":"(anonymous_2)","decl":{"start":{"line":20,"column":2},"end":{"line":20,"column":31}},"loc":{"start":{"line":20,"column":68},"end":{"line":20,"column":72}}},"1":{"name":"(anonymous_3)","decl":{"start":{"line":22,"column":2},"end":{"line":22,"column":7}},"loc":{"start":{"line":22,"column":20},"end":{"line":24,"column":3}}}},"branchMap":{},"s":{"0":0,"1":0,"2":0,"3":0,"4":0,"5":0,"6":0,"7":0,"8":0,"9":0,"10":0,"11":0,"12":0,"13":0,"14":0,"15":0},"f":{"0":0,"1":0},"b":{}}
,"/Users/aldanalonghi/Documents/star_wars_api/src/modules/movies/application/use-cases/CreateMovie.ts": {"path":"/Users/aldanalonghi/Documents/star_wars_api/src/modules/movies/application/use-cases/CreateMovie.ts","statementMap":{"0":{"start":{"line":1,"column":0},"end":{"line":1,"column":44}},"1":{"start":{"line":6,"column":7},"end":{"line":12,"column":null}},"2":{"start":{"line":7,"column":31},"end":{"line":7,"column":67}},"3":{"start":{"line":10,"column":4},"end":{"line":10,"column":46}},"4":{"start":{"line":6,"column":13},"end":{"line":6,"column":24}},"5":{"start":{"line":6,"column":13},"end":{"line":12,"column":null}}},"fnMap":{"0":{"name":"(anonymous_2)","decl":{"start":{"line":7,"column":2},"end":{"line":7,"column":31}},"loc":{"start":{"line":7,"column":67},"end":{"line":7,"column":71}}},"1":{"name":"(anonymous_3)","decl":{"start":{"line":9,"column":2},"end":{"line":9,"column":7}},"loc":{"start":{"line":9,"column":27},"end":{"line":11,"column":3}}}},"branchMap":{},"s":{"0":2,"1":2,"2":3,"3":2,"4":2,"5":2},"f":{"0":3,"1":2},"b":{}}
,"/Users/aldanalonghi/Documents/star_wars_api/src/modules/movies/application/use-cases/GetMovieByTitle.ts": {"path":"/Users/aldanalonghi/Documents/star_wars_api/src/modules/movies/application/use-cases/GetMovieByTitle.ts","statementMap":{"0":{"start":{"line":1,"column":0},"end":{"line":1,"column":44}},"1":{"start":{"line":6,"column":7},"end":{"line":18,"column":null}},"2":{"start":{"line":7,"column":31},"end":{"line":7,"column":67}},"3":{"start":{"line":10,"column":20},"end":{"line":10,"column":65}},"4":{"start":{"line":12,"column":4},"end":{"line":14,"column":5}},"5":{"start":{"line":13,"column":6},"end":{"line":13,"column":42}},"6":{"start":{"line":16,"column":4},"end":{"line":16,"column":22}},"7":{"start":{"line":6,"column":13},"end":{"line":6,"column":28}},"8":{"start":{"line":6,"column":13},"end":{"line":18,"column":null}}},"fnMap":{"0":{"name":"(anonymous_2)","decl":{"start":{"line":7,"column":2},"end":{"line":7,"column":31}},"loc":{"start":{"line":7,"column":67},"end":{"line":7,"column":71}}},"1":{"name":"(anonymous_3)","decl":{"start":{"line":9,"column":2},"end":{"line":9,"column":7}},"loc":{"start":{"line":9,"column":26},"end":{"line":17,"column":3}}}},"branchMap":{"0":{"loc":{"start":{"line":12,"column":4},"end":{"line":14,"column":5}},"type":"if","locations":[{"start":{"line":12,"column":4},"end":{"line":14,"column":5}}]}},"s":{"0":2,"1":2,"2":4,"3":3,"4":2,"5":0,"6":2,"7":2,"8":2},"f":{"0":4,"1":3},"b":{"0":[0]}}
,"/Users/aldanalonghi/Documents/star_wars_api/src/modules/movies/application/use-cases/GetMovies.ts": {"path":"/Users/aldanalonghi/Documents/star_wars_api/src/modules/movies/application/use-cases/GetMovies.ts","statementMap":{"0":{"start":{"line":1,"column":0},"end":{"line":1,"column":44}},"1":{"start":{"line":6,"column":7},"end":{"line":13,"column":null}},"2":{"start":{"line":7,"column":31},"end":{"line":7,"column":67}},"3":{"start":{"line":10,"column":20},"end":{"line":10,"column":50}},"4":{"start":{"line":11,"column":4},"end":{"line":11,"column":19}},"5":{"start":{"line":6,"column":13},"end":{"line":6,"column":22}},"6":{"start":{"line":6,"column":13},"end":{"line":13,"column":null}}},"fnMap":{"0":{"name":"(anonymous_2)","decl":{"start":{"line":7,"column":2},"end":{"line":7,"column":31}},"loc":{"start":{"line":7,"column":67},"end":{"line":7,"column":71}}},"1":{"name":"(anonymous_3)","decl":{"start":{"line":9,"column":2},"end":{"line":9,"column":7}},"loc":{"start":{"line":9,"column":12},"end":{"line":12,"column":3}}}},"branchMap":{},"s":{"0":2,"1":2,"2":4,"3":3,"4":3,"5":2,"6":2},"f":{"0":4,"1":3},"b":{}}
,"/Users/aldanalonghi/Documents/star_wars_api/src/modules/movies/application/use-cases/UpdateMovie.ts": {"path":"/Users/aldanalonghi/Documents/star_wars_api/src/modules/movies/application/use-cases/UpdateMovie.ts","statementMap":{"0":{"start":{"line":1,"column":0},"end":{"line":1,"column":44}},"1":{"start":{"line":6,"column":7},"end":{"line":12,"column":null}},"2":{"start":{"line":7,"column":31},"end":{"line":7,"column":67}},"3":{"start":{"line":10,"column":4},"end":{"line":10,"column":50}},"4":{"start":{"line":6,"column":13},"end":{"line":6,"column":24}},"5":{"start":{"line":6,"column":13},"end":{"line":12,"column":null}}},"fnMap":{"0":{"name":"(anonymous_2)","decl":{"start":{"line":7,"column":2},"end":{"line":7,"column":31}},"loc":{"start":{"line":7,"column":67},"end":{"line":7,"column":71}}},"1":{"name":"(anonymous_3)","decl":{"start":{"line":9,"column":2},"end":{"line":9,"column":7}},"loc":{"start":{"line":9,"column":48},"end":{"line":11,"column":3}}}},"branchMap":{},"s":{"0":2,"1":2,"2":3,"3":2,"4":2,"5":2},"f":{"0":3,"1":2},"b":{}}
,"/Users/aldanalonghi/Documents/star_wars_api/src/modules/movies/domain/entities/movie.mock.ts": {"path":"/Users/aldanalonghi/Documents/star_wars_api/src/modules/movies/domain/entities/movie.mock.ts","statementMap":{"0":{"start":{"line":3,"column":13},"end":{"line":18,"column":2}}},"fnMap":{},"branchMap":{},"s":{"0":6},"f":{},"b":{}}
,"/Users/aldanalonghi/Documents/star_wars_api/src/modules/movies/domain/entities/movie.ts": {"path":"/Users/aldanalonghi/Documents/star_wars_api/src/modules/movies/domain/entities/movie.ts","statementMap":{"0":{"start":{"line":1,"column":0},"end":{"line":1,"column":13}}},"fnMap":{},"branchMap":{},"s":{"0":2},"f":{},"b":{}}
,"/Users/aldanalonghi/Documents/star_wars_api/src/modules/movies/infraestructure/external/external-stars-wars.service.ts": {"path":"/Users/aldanalonghi/Documents/star_wars_api/src/modules/movies/infraestructure/external/external-stars-wars.service.ts","statementMap":{"0":{"start":{"line":2,"column":0},"end":{"line":2,"column":69}},"1":{"start":{"line":3,"column":0},"end":{"line":3,"column":26}},"2":{"start":{"line":7,"column":36},"end":{"line":80,"column":null}},"3":{"start":{"line":8,"column":28},"end":{"line":8,"column":68}},"4":{"start":{"line":9,"column":36},"end":{"line":9,"column":66}},"5":{"start":{"line":10,"column":35},"end":{"line":10,"column":48}},"6":{"start":{"line":13,"column":31},"end":{"line":13,"column":67}},"7":{"start":{"line":16,"column":4},"end":{"line":22,"column":5}},"8":{"start":{"line":17,"column":23},"end":{"line":17,"column":59}},"9":{"start":{"line":18,"column":6},"end":{"line":18,"column":35}},"10":{"start":{"line":20,"column":6},"end":{"line":20,"column":80}},"11":{"start":{"line":21,"column":6},"end":{"line":21,"column":71}},"12":{"start":{"line":26,"column":4},"end":{"line":57,"column":5}},"13":{"start":{"line":27,"column":6},"end":{"line":52,"column":7}},"14":{"start":{"line":28,"column":30},"end":{"line":28,"column":97}},"15":{"start":{"line":30,"column":29},"end":{"line":30,"column":64}},"16":{"start":{"line":32,"column":7},"end":{"line":51,"column":8}},"17":{"start":{"line":33,"column":25},"end":{"line":48,"column":10}},"18":{"start":{"line":50,"column":8},"end":{"line":50,"column":52}},"19":{"start":{"line":53,"column":6},"end":{"line":53,"column":67}},"20":{"start":{"line":55,"column":6},"end":{"line":55,"column":70}},"21":{"start":{"line":56,"column":6},"end":{"line":56,"column":61}},"22":{"start":{"line":61,"column":19},"end":{"line":61,"column":50}},"23":{"start":{"line":62,"column":4},"end":{"line":62,"column":44}},"24":{"start":{"line":66,"column":4},"end":{"line":66,"column":26}},"25":{"start":{"line":68,"column":4},"end":{"line":71,"column":27}},"26":{"start":{"line":69,"column":6},"end":{"line":69,"column":55}},"27":{"start":{"line":70,"column":6},"end":{"line":70,"column":34}},"28":{"start":{"line":75,"column":4},"end":{"line":78,"column":5}},"29":{"start":{"line":76,"column":6},"end":{"line":76,"column":39}},"30":{"start":{"line":77,"column":6},"end":{"line":77,"column":59}},"31":{"start":{"line":7,"column":13},"end":{"line":7,"column":36}},"32":{"start":{"line":7,"column":13},"end":{"line":80,"column":null}}},"fnMap":{"0":{"name":"(anonymous_2)","decl":{"start":{"line":13,"column":2},"end":{"line":13,"column":31}},"loc":{"start":{"line":13,"column":67},"end":{"line":13,"column":71}}},"1":{"name":"(anonymous_3)","decl":{"start":{"line":15,"column":2},"end":{"line":15,"column":7}},"loc":{"start":{"line":15,"column":26},"end":{"line":23,"column":3}}},"2":{"name":"(anonymous_4)","decl":{"start":{"line":25,"column":2},"end":{"line":25,"column":7}},"loc":{"start":{"line":25,"column":42},"end":{"line":58,"column":3}}},"3":{"name":"(anonymous_5)","decl":{"start":{"line":60,"column":2},"end":{"line":60,"column":7}},"loc":{"start":{"line":60,"column":22},"end":{"line":63,"column":3}}},"4":{"name":"(anonymous_6)","decl":{"start":{"line":65,"column":2},"end":{"line":65,"column":28}},"loc":{"start":{"line":65,"column":28},"end":{"line":72,"column":3}}},"5":{"name":"(anonymous_7)","decl":{"start":{"line":68,"column":36},"end":{"line":68,"column":41}},"loc":{"start":{"line":68,"column":47},"end":{"line":71,"column":5}}},"6":{"name":"(anonymous_8)","decl":{"start":{"line":74,"column":2},"end":{"line":74,"column":17}},"loc":{"start":{"line":74,"column":17},"end":{"line":79,"column":3}}}},"branchMap":{"0":{"loc":{"start":{"line":30,"column":29},"end":{"line":30,"column":64}},"type":"binary-expr","locations":[{"start":{"line":30,"column":29},"end":{"line":30,"column":43}},{"start":{"line":30,"column":47},"end":{"line":30,"column":64}}]},"1":{"loc":{"start":{"line":32,"column":7},"end":{"line":51,"column":8}},"type":"if","locations":[{"start":{"line":32,"column":7},"end":{"line":51,"column":8}}]},"2":{"loc":{"start":{"line":75,"column":4},"end":{"line":78,"column":5}},"type":"if","locations":[{"start":{"line":75,"column":4},"end":{"line":78,"column":5}}]}},"s":{"0":0,"1":0,"2":0,"3":0,"4":0,"5":0,"6":0,"7":0,"8":0,"9":0,"10":0,"11":0,"12":0,"13":0,"14":0,"15":0,"16":0,"17":0,"18":0,"19":0,"20":0,"21":0,"22":0,"23":0,"24":0,"25":0,"26":0,"27":0,"28":0,"29":0,"30":0,"31":0,"32":0},"f":{"0":0,"1":0,"2":0,"3":0,"4":0,"5":0,"6":0},"b":{"0":[0,0],"1":[0],"2":[0]}}
,"/Users/aldanalonghi/Documents/star_wars_api/src/modules/movies/infraestructure/interface/graphql/movie.resolver.ts": {"path":"/Users/aldanalonghi/Documents/star_wars_api/src/modules/movies/infraestructure/interface/graphql/movie.resolver.ts","statementMap":{"0":{"start":{"line":1,"column":0},"end":{"line":1,"column":66}},"1":{"start":{"line":2,"column":0},"end":{"line":2,"column":81}},"2":{"start":{"line":3,"column":0},"end":{"line":3,"column":69}},"3":{"start":{"line":4,"column":0},"end":{"line":4,"column":73}},"4":{"start":{"line":5,"column":0},"end":{"line":5,"column":73}},"5":{"start":{"line":6,"column":0},"end":{"line":6,"column":55}},"6":{"start":{"line":7,"column":0},"end":{"line":7,"column":67}},"7":{"start":{"line":8,"column":0},"end":{"line":8,"column":43}},"8":{"start":{"line":9,"column":0},"end":{"line":9,"column":103}},"9":{"start":{"line":10,"column":0},"end":{"line":10,"column":106}},"10":{"start":{"line":11,"column":0},"end":{"line":11,"column":108}},"11":{"start":{"line":14,"column":7},"end":{"line":52,"column":null}},"12":{"start":{"line":16,"column":21},"end":{"line":16,"column":41}},"13":{"start":{"line":17,"column":21},"end":{"line":17,"column":45}},"14":{"start":{"line":18,"column":21},"end":{"line":18,"column":39}},"15":{"start":{"line":19,"column":21},"end":{"line":19,"column":41}},"16":{"start":{"line":26,"column":4},"end":{"line":26,"column":49}},"17":{"start":{"line":33,"column":4},"end":{"line":33,"column":51}},"18":{"start":{"line":40,"column":4},"end":{"line":40,"column":40}},"19":{"start":{"line":50,"column":4},"end":{"line":50,"column":53}},"20":{"start":{"line":14,"column":13},"end":{"line":14,"column":26}},"21":{"start":{"line":25,"column":8},"end":{"line":27,"column":null}},"22":{"start":{"line":22,"column":18},"end":{"line":22,"column":29}},"23":{"start":{"line":32,"column":8},"end":{"line":34,"column":null}},"24":{"start":{"line":29,"column":15},"end":{"line":29,"column":26}},"25":{"start":{"line":39,"column":8},"end":{"line":41,"column":null}},"26":{"start":{"line":36,"column":15},"end":{"line":36,"column":28}},"27":{"start":{"line":46,"column":8},"end":{"line":51,"column":null}},"28":{"start":{"line":43,"column":18},"end":{"line":43,"column":29}},"29":{"start":{"line":14,"column":13},"end":{"line":52,"column":null}},"30":{"start":{"line":13,"column":16},"end":{"line":13,"column":21}}},"fnMap":{"0":{"name":"(anonymous_4)","decl":{"start":{"line":15,"column":2},"end":{"line":15,"column":null}},"loc":{"start":{"line":19,"column":52},"end":{"line":20,"column":6}}},"1":{"name":"(anonymous_5)","decl":{"start":{"line":25,"column":2},"end":{"line":25,"column":7}},"loc":{"start":{"line":25,"column":52},"end":{"line":27,"column":3}}},"2":{"name":"(anonymous_6)","decl":{"start":{"line":32,"column":2},"end":{"line":32,"column":7}},"loc":{"start":{"line":32,"column":52},"end":{"line":34,"column":3}}},"3":{"name":"(anonymous_7)","decl":{"start":{"line":39,"column":2},"end":{"line":39,"column":7}},"loc":{"start":{"line":39,"column":17},"end":{"line":41,"column":3}}},"4":{"name":"(anonymous_8)","decl":{"start":{"line":46,"column":2},"end":{"line":46,"column":7}},"loc":{"start":{"line":48,"column":42},"end":{"line":51,"column":3}}},"5":{"name":"(anonymous_9)","decl":{"start":{"line":22,"column":12},"end":{"line":22,"column":15}},"loc":{"start":{"line":22,"column":18},"end":{"line":22,"column":29}}},"6":{"name":"(anonymous_10)","decl":{"start":{"line":29,"column":9},"end":{"line":29,"column":12}},"loc":{"start":{"line":29,"column":15},"end":{"line":29,"column":26}}},"7":{"name":"(anonymous_11)","decl":{"start":{"line":36,"column":9},"end":{"line":36,"column":12}},"loc":{"start":{"line":36,"column":15},"end":{"line":36,"column":28}}},"8":{"name":"(anonymous_12)","decl":{"start":{"line":43,"column":12},"end":{"line":43,"column":15}},"loc":{"start":{"line":43,"column":18},"end":{"line":43,"column":29}}},"9":{"name":"(anonymous_13)","decl":{"start":{"line":13,"column":10},"end":{"line":13,"column":13}},"loc":{"start":{"line":13,"column":16},"end":{"line":13,"column":21}}}},"branchMap":{},"s":{"0":1,"1":1,"2":1,"3":1,"4":1,"5":1,"6":1,"7":1,"8":1,"9":1,"10":1,"11":1,"12":5,"13":5,"14":5,"15":5,"16":1,"17":1,"18":1,"19":1,"20":1,"21":1,"22":0,"23":1,"24":0,"25":1,"26":0,"27":1,"28":0,"29":1,"30":2},"f":{"0":5,"1":1,"2":1,"3":1,"4":1,"5":0,"6":0,"7":0,"8":0,"9":2},"b":{}}
,"/Users/aldanalonghi/Documents/star_wars_api/src/modules/movies/infraestructure/interface/graphql/dtos/index.ts": {"path":"/Users/aldanalonghi/Documents/star_wars_api/src/modules/movies/infraestructure/interface/graphql/dtos/index.ts","statementMap":{"0":{"start":{"line":1,"column":0},"end":{"line":1,"column":67}},"1":{"start":{"line":4,"column":7},"end":{"line":49,"column":null}},"2":{"start":{"line":4,"column":13},"end":{"line":4,"column":24}},"3":{"start":{"line":6,"column":2},"end":{"line":6,"column":null}},"4":{"start":{"line":5,"column":15},"end":{"line":5,"column":17}},"5":{"start":{"line":9,"column":2},"end":{"line":9,"column":null}},"6":{"start":{"line":12,"column":2},"end":{"line":12,"column":null}},"7":{"start":{"line":15,"column":2},"end":{"line":15,"column":null}},"8":{"start":{"line":18,"column":2},"end":{"line":18,"column":null}},"9":{"start":{"line":21,"column":2},"end":{"line":21,"column":null}},"10":{"start":{"line":24,"column":2},"end":{"line":24,"column":null}},"11":{"start":{"line":27,"column":2},"end":{"line":27,"column":null}},"12":{"start":{"line":26,"column":15},"end":{"line":26,"column":23}},"13":{"start":{"line":30,"column":2},"end":{"line":30,"column":null}},"14":{"start":{"line":29,"column":15},"end":{"line":29,"column":23}},"15":{"start":{"line":33,"column":2},"end":{"line":33,"column":null}},"16":{"start":{"line":32,"column":15},"end":{"line":32,"column":23}},"17":{"start":{"line":36,"column":2},"end":{"line":36,"column":null}},"18":{"start":{"line":35,"column":15},"end":{"line":35,"column":23}},"19":{"start":{"line":39,"column":2},"end":{"line":39,"column":null}},"20":{"start":{"line":38,"column":15},"end":{"line":38,"column":23}},"21":{"start":{"line":42,"column":2},"end":{"line":42,"column":null}},"22":{"start":{"line":45,"column":2},"end":{"line":45,"column":null}},"23":{"start":{"line":48,"column":2},"end":{"line":48,"column":null}},"24":{"start":{"line":4,"column":13},"end":{"line":49,"column":null}},"25":{"start":{"line":52,"column":7},"end":{"line":94,"column":null}},"26":{"start":{"line":52,"column":13},"end":{"line":52,"column":23}},"27":{"start":{"line":54,"column":2},"end":{"line":54,"column":null}},"28":{"start":{"line":57,"column":2},"end":{"line":57,"column":null}},"29":{"start":{"line":60,"column":2},"end":{"line":60,"column":null}},"30":{"start":{"line":63,"column":2},"end":{"line":63,"column":null}},"31":{"start":{"line":66,"column":2},"end":{"line":66,"column":null}},"32":{"start":{"line":69,"column":2},"end":{"line":69,"column":null}},"33":{"start":{"line":72,"column":2},"end":{"line":72,"column":null}},"34":{"start":{"line":71,"column":15},"end":{"line":71,"column":23}},"35":{"start":{"line":75,"column":2},"end":{"line":75,"column":null}},"36":{"start":{"line":74,"column":15},"end":{"line":74,"column":23}},"37":{"start":{"line":78,"column":2},"end":{"line":78,"column":null}},"38":{"start":{"line":77,"column":15},"end":{"line":77,"column":23}},"39":{"start":{"line":81,"column":2},"end":{"line":81,"column":null}},"40":{"start":{"line":80,"column":15},"end":{"line":80,"column":23}},"41":{"start":{"line":84,"column":2},"end":{"line":84,"column":null}},"42":{"start":{"line":83,"column":15},"end":{"line":83,"column":23}},"43":{"start":{"line":87,"column":2},"end":{"line":87,"column":null}},"44":{"start":{"line":90,"column":2},"end":{"line":90,"column":null}},"45":{"start":{"line":93,"column":2},"end":{"line":93,"column":null}},"46":{"start":{"line":52,"column":13},"end":{"line":94,"column":null}},"47":{"start":{"line":97,"column":7},"end":{"line":139,"column":null}},"48":{"start":{"line":97,"column":13},"end":{"line":97,"column":29}},"49":{"start":{"line":99,"column":2},"end":{"line":99,"column":null}},"50":{"start":{"line":102,"column":2},"end":{"line":102,"column":null}},"51":{"start":{"line":105,"column":2},"end":{"line":105,"column":null}},"52":{"start":{"line":108,"column":2},"end":{"line":108,"column":null}},"53":{"start":{"line":111,"column":2},"end":{"line":111,"column":null}},"54":{"start":{"line":114,"column":2},"end":{"line":114,"column":null}},"55":{"start":{"line":117,"column":2},"end":{"line":117,"column":null}},"56":{"start":{"line":116,"column":15},"end":{"line":116,"column":23}},"57":{"start":{"line":120,"column":2},"end":{"line":120,"column":null}},"58":{"start":{"line":119,"column":15},"end":{"line":119,"column":23}},"59":{"start":{"line":123,"column":2},"end":{"line":123,"column":null}},"60":{"start":{"line":122,"column":15},"end":{"line":122,"column":23}},"61":{"start":{"line":126,"column":2},"end":{"line":126,"column":null}},"62":{"start":{"line":125,"column":15},"end":{"line":125,"column":23}},"63":{"start":{"line":129,"column":2},"end":{"line":129,"column":null}},"64":{"start":{"line":128,"column":15},"end":{"line":128,"column":23}},"65":{"start":{"line":132,"column":2},"end":{"line":132,"column":null}},"66":{"start":{"line":135,"column":2},"end":{"line":135,"column":null}},"67":{"start":{"line":138,"column":2},"end":{"line":138,"column":null}},"68":{"start":{"line":97,"column":13},"end":{"line":139,"column":null}}},"fnMap":{"0":{"name":"(anonymous_2)","decl":{"start":{"line":5,"column":9},"end":{"line":5,"column":12}},"loc":{"start":{"line":5,"column":15},"end":{"line":5,"column":17}}},"1":{"name":"(anonymous_3)","decl":{"start":{"line":26,"column":9},"end":{"line":26,"column":12}},"loc":{"start":{"line":26,"column":15},"end":{"line":26,"column":23}}},"2":{"name":"(anonymous_4)","decl":{"start":{"line":29,"column":9},"end":{"line":29,"column":12}},"loc":{"start":{"line":29,"column":15},"end":{"line":29,"column":23}}},"3":{"name":"(anonymous_5)","decl":{"start":{"line":32,"column":9},"end":{"line":32,"column":12}},"loc":{"start":{"line":32,"column":15},"end":{"line":32,"column":23}}},"4":{"name":"(anonymous_6)","decl":{"start":{"line":35,"column":9},"end":{"line":35,"column":12}},"loc":{"start":{"line":35,"column":15},"end":{"line":35,"column":23}}},"5":{"name":"(anonymous_7)","decl":{"start":{"line":38,"column":9},"end":{"line":38,"column":12}},"loc":{"start":{"line":38,"column":15},"end":{"line":38,"column":23}}},"6":{"name":"(anonymous_8)","decl":{"start":{"line":71,"column":9},"end":{"line":71,"column":12}},"loc":{"start":{"line":71,"column":15},"end":{"line":71,"column":23}}},"7":{"name":"(anonymous_9)","decl":{"start":{"line":74,"column":9},"end":{"line":74,"column":12}},"loc":{"start":{"line":74,"column":15},"end":{"line":74,"column":23}}},"8":{"name":"(anonymous_10)","decl":{"start":{"line":77,"column":9},"end":{"line":77,"column":12}},"loc":{"start":{"line":77,"column":15},"end":{"line":77,"column":23}}},"9":{"name":"(anonymous_11)","decl":{"start":{"line":80,"column":9},"end":{"line":80,"column":12}},"loc":{"start":{"line":80,"column":15},"end":{"line":80,"column":23}}},"10":{"name":"(anonymous_12)","decl":{"start":{"line":83,"column":9},"end":{"line":83,"column":12}},"loc":{"start":{"line":83,"column":15},"end":{"line":83,"column":23}}},"11":{"name":"(anonymous_13)","decl":{"start":{"line":116,"column":9},"end":{"line":116,"column":12}},"loc":{"start":{"line":116,"column":15},"end":{"line":116,"column":23}}},"12":{"name":"(anonymous_14)","decl":{"start":{"line":119,"column":9},"end":{"line":119,"column":12}},"loc":{"start":{"line":119,"column":15},"end":{"line":119,"column":23}}},"13":{"name":"(anonymous_15)","decl":{"start":{"line":122,"column":9},"end":{"line":122,"column":12}},"loc":{"start":{"line":122,"column":15},"end":{"line":122,"column":23}}},"14":{"name":"(anonymous_16)","decl":{"start":{"line":125,"column":9},"end":{"line":125,"column":12}},"loc":{"start":{"line":125,"column":15},"end":{"line":125,"column":23}}},"15":{"name":"(anonymous_17)","decl":{"start":{"line":128,"column":9},"end":{"line":128,"column":12}},"loc":{"start":{"line":128,"column":15},"end":{"line":128,"column":23}}}},"branchMap":{},"s":{"0":1,"1":1,"2":1,"3":1,"4":0,"5":1,"6":1,"7":1,"8":1,"9":1,"10":1,"11":1,"12":0,"13":1,"14":0,"15":1,"16":0,"17":1,"18":0,"19":1,"20":0,"21":1,"22":1,"23":1,"24":1,"25":1,"26":1,"27":1,"28":1,"29":1,"30":1,"31":1,"32":1,"33":1,"34":0,"35":1,"36":0,"37":1,"38":0,"39":1,"40":0,"41":1,"42":0,"43":1,"44":1,"45":1,"46":1,"47":1,"48":1,"49":1,"50":1,"51":1,"52":1,"53":1,"54":1,"55":1,"56":0,"57":1,"58":0,"59":1,"60":0,"61":1,"62":0,"63":1,"64":0,"65":1,"66":1,"67":1,"68":1},"f":{"0":0,"1":0,"2":0,"3":0,"4":0,"5":0,"6":0,"7":0,"8":0,"9":0,"10":0,"11":0,"12":0,"13":0,"14":0,"15":0},"b":{}}
,"/Users/aldanalonghi/Documents/star_wars_api/src/modules/movies/infraestructure/persistance/repositories/mongodb/movie.repository.mock.ts": {"path":"/Users/aldanalonghi/Documents/star_wars_api/src/modules/movies/infraestructure/persistance/repositories/mongodb/movie.repository.mock.ts","statementMap":{"0":{"start":{"line":2,"column":0},"end":{"line":2,"column":67}},"1":{"start":{"line":6,"column":11},"end":{"line":9,"column":4}},"2":{"start":{"line":7,"column":4},"end":{"line":7,"column":null}},"3":{"start":{"line":8,"column":4},"end":{"line":8,"column":21}},"4":{"start":{"line":11,"column":13},"end":{"line":14,"column":4}},"5":{"start":{"line":12,"column":4},"end":{"line":12,"column":null}},"6":{"start":{"line":13,"column":4},"end":{"line":13,"column":21}},"7":{"start":{"line":16,"column":12},"end":{"line":19,"column":4}},"8":{"start":{"line":17,"column":4},"end":{"line":17,"column":null}},"9":{"start":{"line":18,"column":4},"end":{"line":18,"column":23}},"10":{"start":{"line":21,"column":11},"end":{"line":25,"column":2}},"11":{"start":{"line":22,"column":4},"end":{"line":22,"column":null}},"12":{"start":{"line":23,"column":4},"end":{"line":23,"column":null}},"13":{"start":{"line":24,"column":4},"end":{"line":24,"column":21}},"14":{"start":{"line":5,"column":0},"end":{"line":5,"column":13}}},"fnMap":{"0":{"name":"(anonymous_0)","decl":{"start":{"line":6,"column":19},"end":{"line":6,"column":24}},"loc":{"start":{"line":6,"column":67},"end":{"line":9,"column":3}}},"1":{"name":"(anonymous_1)","decl":{"start":{"line":11,"column":21},"end":{"line":11,"column":26}},"loc":{"start":{"line":11,"column":67},"end":{"line":14,"column":3}}},"2":{"name":"(anonymous_2)","decl":{"start":{"line":16,"column":20},"end":{"line":16,"column":25}},"loc":{"start":{"line":16,"column":81},"end":{"line":19,"column":3}}},"3":{"name":"(anonymous_3)","decl":{"start":{"line":21,"column":19},"end":{"line":21,"column":24}},"loc":{"start":{"line":21,"column":89},"end":{"line":25,"column":1}}}},"branchMap":{},"s":{"0":4,"1":14,"2":0,"3":0,"4":14,"5":0,"6":0,"7":14,"8":0,"9":0,"10":14,"11":0,"12":0,"13":0,"14":4},"f":{"0":0,"1":0,"2":0,"3":0},"b":{}}
,"/Users/aldanalonghi/Documents/star_wars_api/src/modules/movies/infraestructure/persistance/repositories/mongodb/movie.repository.ts": {"path":"/Users/aldanalonghi/Documents/star_wars_api/src/modules/movies/infraestructure/persistance/repositories/mongodb/movie.repository.ts","statementMap":{"0":{"start":{"line":1,"column":0},"end":{"line":1,"column":44}},"1":{"start":{"line":2,"column":0},"end":{"line":2,"column":47}},"2":{"start":{"line":3,"column":0},"end":{"line":3,"column":33}},"3":{"start":{"line":4,"column":0},"end":{"line":4,"column":58}},"4":{"start":{"line":8,"column":7},"end":{"line":47,"column":null}},"5":{"start":{"line":9,"column":47},"end":{"line":9,"column":59}},"6":{"start":{"line":12,"column":4},"end":{"line":17,"column":5}},"7":{"start":{"line":13,"column":27},"end":{"line":13,"column":62}},"8":{"start":{"line":14,"column":6},"end":{"line":14,"column":26}},"9":{"start":{"line":16,"column":6},"end":{"line":16,"column":15}},"10":{"start":{"line":21,"column":4},"end":{"line":27,"column":5}},"11":{"start":{"line":22,"column":21},"end":{"line":22,"column":62}},"12":{"start":{"line":24,"column":6},"end":{"line":24,"column":61}},"13":{"start":{"line":26,"column":6},"end":{"line":26,"column":15}},"14":{"start":{"line":31,"column":4},"end":{"line":36,"column":5}},"15":{"start":{"line":32,"column":21},"end":{"line":32,"column":76}},"16":{"start":{"line":33,"column":6},"end":{"line":33,"column":20}},"17":{"start":{"line":35,"column":6},"end":{"line":35,"column":15}},"18":{"start":{"line":40,"column":4},"end":{"line":45,"column":5}},"19":{"start":{"line":41,"column":22},"end":{"line":41,"column":94}},"20":{"start":{"line":42,"column":6},"end":{"line":42,"column":65}},"21":{"start":{"line":44,"column":6},"end":{"line":44,"column":15}},"22":{"start":{"line":8,"column":13},"end":{"line":8,"column":28}},"23":{"start":{"line":8,"column":13},"end":{"line":47,"column":null}}},"fnMap":{"0":{"name":"(anonymous_4)","decl":{"start":{"line":9,"column":2},"end":{"line":9,"column":15}},"loc":{"start":{"line":9,"column":71},"end":{"line":9,"column":75}}},"1":{"name":"(anonymous_5)","decl":{"start":{"line":11,"column":2},"end":{"line":11,"column":7}},"loc":{"start":{"line":11,"column":27},"end":{"line":18,"column":3}}},"2":{"name":"(anonymous_6)","decl":{"start":{"line":20,"column":2},"end":{"line":20,"column":7}},"loc":{"start":{"line":20,"column":27},"end":{"line":28,"column":3}}},"3":{"name":"(anonymous_7)","decl":{"start":{"line":30,"column":2},"end":{"line":30,"column":7}},"loc":{"start":{"line":30,"column":39},"end":{"line":37,"column":3}}},"4":{"name":"(anonymous_8)","decl":{"start":{"line":39,"column":2},"end":{"line":39,"column":7}},"loc":{"start":{"line":39,"column":48},"end":{"line":46,"column":3}}}},"branchMap":{"0":{"loc":{"start":{"line":24,"column":13},"end":{"line":24,"column":60}},"type":"cond-expr","locations":[{"start":{"line":24,"column":22},"end":{"line":24,"column":28}},{"start":{"line":24,"column":31},"end":{"line":24,"column":60}}]},"1":{"loc":{"start":{"line":32,"column":48},"end":{"line":32,"column":68}},"type":"cond-expr","locations":[{"start":{"line":32,"column":57},"end":{"line":32,"column":63}},{"start":{"line":32,"column":66},"end":{"line":32,"column":68}}]},"2":{"loc":{"start":{"line":42,"column":13},"end":{"line":42,"column":64}},"type":"cond-expr","locations":[{"start":{"line":42,"column":22},"end":{"line":42,"column":28}},{"start":{"line":42,"column":31},"end":{"line":42,"column":64}}]}},"s":{"0":1,"1":1,"2":1,"3":1,"4":1,"5":11,"6":2,"7":2,"8":1,"9":1,"10":2,"11":2,"12":2,"13":0,"14":3,"15":3,"16":2,"17":1,"18":3,"19":3,"20":2,"21":1,"22":1,"23":1},"f":{"0":11,"1":2,"2":2,"3":3,"4":3},"b":{"0":[1,1],"1":[0,3],"2":[1,1]}}
,"/Users/aldanalonghi/Documents/star_wars_api/src/modules/movies/infraestructure/persistance/repositories/mongodb/schema/movie.schema.ts": {"path":"/Users/aldanalonghi/Documents/star_wars_api/src/modules/movies/infraestructure/persistance/repositories/mongodb/schema/movie.schema.ts","statementMap":{"0":{"start":{"line":1,"column":0},"end":{"line":1,"column":63}},"1":{"start":{"line":7,"column":7},"end":{"line":49,"column":null}},"2":{"start":{"line":7,"column":13},"end":{"line":7,"column":18}},"3":{"start":{"line":9,"column":2},"end":{"line":9,"column":null}},"4":{"start":{"line":12,"column":2},"end":{"line":12,"column":null}},"5":{"start":{"line":15,"column":2},"end":{"line":15,"column":null}},"6":{"start":{"line":18,"column":2},"end":{"line":18,"column":null}},"7":{"start":{"line":21,"column":2},"end":{"line":21,"column":null}},"8":{"start":{"line":24,"column":2},"end":{"line":24,"column":null}},"9":{"start":{"line":27,"column":2},"end":{"line":27,"column":null}},"10":{"start":{"line":30,"column":2},"end":{"line":30,"column":null}},"11":{"start":{"line":33,"column":2},"end":{"line":33,"column":null}},"12":{"start":{"line":36,"column":2},"end":{"line":36,"column":null}},"13":{"start":{"line":39,"column":2},"end":{"line":39,"column":null}},"14":{"start":{"line":42,"column":2},"end":{"line":42,"column":null}},"15":{"start":{"line":45,"column":2},"end":{"line":45,"column":null}},"16":{"start":{"line":48,"column":2},"end":{"line":48,"column":null}},"17":{"start":{"line":7,"column":13},"end":{"line":49,"column":null}},"18":{"start":{"line":51,"column":13},"end":{"line":51,"column":63}}},"fnMap":{},"branchMap":{},"s":{"0":1,"1":1,"2":1,"3":1,"4":1,"5":1,"6":1,"7":1,"8":1,"9":1,"10":1,"11":1,"12":1,"13":1,"14":1,"15":1,"16":1,"17":1,"18":1},"f":{},"b":{}}
,"/Users/aldanalonghi/Documents/star_wars_api/src/modules/movies/infraestructure/providers/index.ts": {"path":"/Users/aldanalonghi/Documents/star_wars_api/src/modules/movies/infraestructure/providers/index.ts","statementMap":{"0":{"start":{"line":2,"column":0},"end":{"line":2,"column":82}},"1":{"start":{"line":3,"column":0},"end":{"line":3,"column":87}},"2":{"start":{"line":5,"column":0},"end":{"line":5,"column":70}},"3":{"start":{"line":6,"column":0},"end":{"line":6,"column":78}},"4":{"start":{"line":7,"column":0},"end":{"line":7,"column":66}},"5":{"start":{"line":8,"column":0},"end":{"line":8,"column":70}},"6":{"start":{"line":10,"column":13},"end":{"line":46,"column":2}},"7":{"start":{"line":14,"column":6},"end":{"line":14,"column":58}},"8":{"start":{"line":21,"column":6},"end":{"line":21,"column":46}},"9":{"start":{"line":28,"column":6},"end":{"line":28,"column":50}},"10":{"start":{"line":35,"column":6},"end":{"line":35,"column":44}},"11":{"start":{"line":42,"column":6},"end":{"line":42,"column":46}}},"fnMap":{"0":{"name":"(anonymous_0)","decl":{"start":{"line":13,"column":16},"end":{"line":13,"column":17}},"loc":{"start":{"line":13,"column":57},"end":{"line":15,"column":5}}},"1":{"name":"(anonymous_1)","decl":{"start":{"line":20,"column":16},"end":{"line":20,"column":17}},"loc":{"start":{"line":20,"column":57},"end":{"line":22,"column":5}}},"2":{"name":"(anonymous_2)","decl":{"start":{"line":27,"column":16},"end":{"line":27,"column":17}},"loc":{"start":{"line":27,"column":57},"end":{"line":29,"column":5}}},"3":{"name":"(anonymous_3)","decl":{"start":{"line":34,"column":16},"end":{"line":34,"column":17}},"loc":{"start":{"line":34,"column":57},"end":{"line":36,"column":5}}},"4":{"name":"(anonymous_4)","decl":{"start":{"line":41,"column":16},"end":{"line":41,"column":17}},"loc":{"start":{"line":41,"column":57},"end":{"line":43,"column":5}}}},"branchMap":{},"s":{"0":0,"1":0,"2":0,"3":0,"4":0,"5":0,"6":0,"7":0,"8":0,"9":0,"10":0,"11":0},"f":{"0":0,"1":0,"2":0,"3":0,"4":0},"b":{}}
,"/Users/aldanalonghi/Documents/star_wars_api/src/modules/users/users.module.ts": {"path":"/Users/aldanalonghi/Documents/star_wars_api/src/modules/users/users.module.ts","statementMap":{"0":{"start":{"line":1,"column":0},"end":{"line":1,"column":40}},"1":{"start":{"line":2,"column":0},"end":{"line":2,"column":50}},"2":{"start":{"line":3,"column":0},"end":{"line":3,"column":98}},"3":{"start":{"line":4,"column":0},"end":{"line":4,"column":98}},"4":{"start":{"line":5,"column":0},"end":{"line":5,"column":81}},"5":{"start":{"line":6,"column":0},"end":{"line":6,"column":65}},"6":{"start":{"line":7,"column":0},"end":{"line":7,"column":46}},"7":{"start":{"line":8,"column":0},"end":{"line":8,"column":60}},"8":{"start":{"line":9,"column":0},"end":{"line":9,"column":79}},"9":{"start":{"line":10,"column":0},"end":{"line":10,"column":41}},"10":{"start":{"line":11,"column":0},"end":{"line":11,"column":46}},"11":{"start":{"line":12,"column":0},"end":{"line":12,"column":56}},"12":{"start":{"line":19,"column":7},"end":{"line":19,"column":null}},"13":{"start":{"line":19,"column":13},"end":{"line":19,"column":24}},"14":{"start":{"line":19,"column":13},"end":{"line":19,"column":null}}},"fnMap":{},"branchMap":{},"s":{"0":0,"1":0,"2":0,"3":0,"4":0,"5":0,"6":0,"7":0,"8":0,"9":0,"10":0,"11":0,"12":0,"13":0,"14":0},"f":{},"b":{}}
,"/Users/aldanalonghi/Documents/star_wars_api/src/modules/users/application/use-cases/GetUser.ts": {"path":"/Users/aldanalonghi/Documents/star_wars_api/src/modules/users/application/use-cases/GetUser.ts","statementMap":{"0":{"start":{"line":1,"column":0},"end":{"line":1,"column":44}},"1":{"start":{"line":6,"column":7},"end":{"line":13,"column":null}},"2":{"start":{"line":7,"column":31},"end":{"line":7,"column":66}},"3":{"start":{"line":10,"column":16},"end":{"line":10,"column":59}},"4":{"start":{"line":11,"column":4},"end":{"line":11,"column":16}},"5":{"start":{"line":6,"column":13},"end":{"line":6,"column":27}},"6":{"start":{"line":6,"column":13},"end":{"line":13,"column":null}}},"fnMap":{"0":{"name":"(anonymous_2)","decl":{"start":{"line":7,"column":2},"end":{"line":7,"column":31}},"loc":{"start":{"line":7,"column":66},"end":{"line":7,"column":70}}},"1":{"name":"(anonymous_3)","decl":{"start":{"line":9,"column":2},"end":{"line":9,"column":7}},"loc":{"start":{"line":9,"column":30},"end":{"line":12,"column":3}}}},"branchMap":{},"s":{"0":2,"1":2,"2":4,"3":3,"4":2,"5":2,"6":2},"f":{"0":4,"1":3},"b":{}}
,"/Users/aldanalonghi/Documents/star_wars_api/src/modules/users/application/use-cases/GetUserByEmail.ts": {"path":"/Users/aldanalonghi/Documents/star_wars_api/src/modules/users/application/use-cases/GetUserByEmail.ts","statementMap":{"0":{"start":{"line":1,"column":0},"end":{"line":1,"column":44}},"1":{"start":{"line":6,"column":7},"end":{"line":12,"column":null}},"2":{"start":{"line":7,"column":31},"end":{"line":7,"column":65}},"3":{"start":{"line":10,"column":4},"end":{"line":10,"column":50}},"4":{"start":{"line":6,"column":13},"end":{"line":6,"column":34}},"5":{"start":{"line":6,"column":13},"end":{"line":12,"column":null}}},"fnMap":{"0":{"name":"(anonymous_2)","decl":{"start":{"line":7,"column":2},"end":{"line":7,"column":31}},"loc":{"start":{"line":7,"column":65},"end":{"line":7,"column":69}}},"1":{"name":"(anonymous_3)","decl":{"start":{"line":9,"column":2},"end":{"line":9,"column":7}},"loc":{"start":{"line":9,"column":29},"end":{"line":11,"column":3}}}},"branchMap":{},"s":{"0":2,"1":2,"2":4,"3":3,"4":2,"5":2},"f":{"0":4,"1":3},"b":{}}
,"/Users/aldanalonghi/Documents/star_wars_api/src/modules/users/application/use-cases/Register.ts": {"path":"/Users/aldanalonghi/Documents/star_wars_api/src/modules/users/application/use-cases/Register.ts","statementMap":{"0":{"start":{"line":1,"column":0},"end":{"line":1,"column":44}},"1":{"start":{"line":2,"column":0},"end":{"line":2,"column":33}},"2":{"start":{"line":7,"column":7},"end":{"line":14,"column":null}},"3":{"start":{"line":8,"column":31},"end":{"line":8,"column":66}},"4":{"start":{"line":11,"column":27},"end":{"line":11,"column":70}},"5":{"start":{"line":12,"column":4},"end":{"line":12,"column":85}},"6":{"start":{"line":7,"column":13},"end":{"line":7,"column":28}},"7":{"start":{"line":7,"column":13},"end":{"line":14,"column":null}}},"fnMap":{"0":{"name":"(anonymous_2)","decl":{"start":{"line":8,"column":2},"end":{"line":8,"column":31}},"loc":{"start":{"line":8,"column":66},"end":{"line":8,"column":70}}},"1":{"name":"(anonymous_3)","decl":{"start":{"line":10,"column":2},"end":{"line":10,"column":7}},"loc":{"start":{"line":10,"column":33},"end":{"line":13,"column":3}}}},"branchMap":{},"s":{"0":2,"1":2,"2":2,"3":4,"4":3,"5":2,"6":2,"7":2},"f":{"0":4,"1":3},"b":{}}
,"/Users/aldanalonghi/Documents/star_wars_api/src/modules/users/application/use-cases/UpdateUser.ts": {"path":"/Users/aldanalonghi/Documents/star_wars_api/src/modules/users/application/use-cases/UpdateUser.ts","statementMap":{"0":{"start":{"line":1,"column":0},"end":{"line":1,"column":44}},"1":{"start":{"line":6,"column":7},"end":{"line":12,"column":null}},"2":{"start":{"line":7,"column":31},"end":{"line":7,"column":66}},"3":{"start":{"line":10,"column":4},"end":{"line":10,"column":62}},"4":{"start":{"line":6,"column":13},"end":{"line":6,"column":30}},"5":{"start":{"line":6,"column":13},"end":{"line":12,"column":null}}},"fnMap":{"0":{"name":"(anonymous_2)","decl":{"start":{"line":7,"column":2},"end":{"line":7,"column":31}},"loc":{"start":{"line":7,"column":66},"end":{"line":7,"column":70}}},"1":{"name":"(anonymous_3)","decl":{"start":{"line":9,"column":2},"end":{"line":9,"column":7}},"loc":{"start":{"line":9,"column":60},"end":{"line":11,"column":3}}}},"branchMap":{},"s":{"0":2,"1":2,"2":4,"3":3,"4":2,"5":2},"f":{"0":4,"1":3},"b":{}}
,"/Users/aldanalonghi/Documents/star_wars_api/src/modules/users/domain/entities/user.mock.ts": {"path":"/Users/aldanalonghi/Documents/star_wars_api/src/modules/users/domain/entities/user.mock.ts","statementMap":{"0":{"start":{"line":1,"column":0},"end":{"line":1,"column":36}},"1":{"start":{"line":3,"column":13},"end":{"line":9,"column":2}}},"fnMap":{},"branchMap":{},"s":{"0":6,"1":6},"f":{},"b":{}}
,"/Users/aldanalonghi/Documents/star_wars_api/src/modules/users/domain/entities/user.ts": {"path":"/Users/aldanalonghi/Documents/star_wars_api/src/modules/users/domain/entities/user.ts","statementMap":{"0":{"start":{"line":1,"column":0},"end":{"line":1,"column":null}},"1":{"start":{"line":2,"column":2},"end":{"line":2,"column":null}},"2":{"start":{"line":3,"column":2},"end":{"line":3,"column":null}},"3":{"start":{"line":6,"column":0},"end":{"line":6,"column":13}}},"fnMap":{"0":{"name":"(anonymous_0)","decl":{"start":{"line":1,"column":0},"end":{"line":1,"column":12}},"loc":{"start":{"line":1,"column":16},"end":{"line":4,"column":1}}}},"branchMap":{"0":{"loc":{"start":{"line":1,"column":12},"end":{"line":1,"column":null}},"type":"binary-expr","locations":[{"start":{"line":1,"column":12},"end":{"line":1,"column":16}},{"start":{"line":1,"column":16},"end":{"line":1,"column":null}}]}},"s":{"0":7,"1":7,"2":7,"3":7},"f":{"0":7},"b":{"0":[7,7]}}
,"/Users/aldanalonghi/Documents/star_wars_api/src/modules/users/infrastructure/interface/graphql/user.resolver.ts": {"path":"/Users/aldanalonghi/Documents/star_wars_api/src/modules/users/infrastructure/interface/graphql/user.resolver.ts","statementMap":{"0":{"start":{"line":1,"column":0},"end":{"line":1,"column":66}},"1":{"start":{"line":2,"column":0},"end":{"line":2,"column":43}},"2":{"start":{"line":3,"column":0},"end":{"line":3,"column":74}},"3":{"start":{"line":4,"column":0},"end":{"line":4,"column":72}},"4":{"start":{"line":5,"column":0},"end":{"line":5,"column":78}},"5":{"start":{"line":6,"column":0},"end":{"line":6,"column":103}},"6":{"start":{"line":7,"column":0},"end":{"line":7,"column":108}},"7":{"start":{"line":8,"column":0},"end":{"line":8,"column":103}},"8":{"start":{"line":10,"column":0},"end":{"line":10,"column":106}},"9":{"start":{"line":13,"column":7},"end":{"line":38,"column":null}},"10":{"start":{"line":15,"column":21},"end":{"line":15,"column":38}},"11":{"start":{"line":16,"column":21},"end":{"line":16,"column":37}},"12":{"start":{"line":17,"column":21},"end":{"line":17,"column":40}},"13":{"start":{"line":22,"column":4},"end":{"line":22,"column":62}},"14":{"start":{"line":29,"column":4},"end":{"line":29,"column":43}},"15":{"start":{"line":36,"column":4},"end":{"line":36,"column":58}},"16":{"start":{"line":13,"column":13},"end":{"line":13,"column":26}},"17":{"start":{"line":21,"column":8},"end":{"line":23,"column":null}},"18":{"start":{"line":20,"column":18},"end":{"line":20,"column":25}},"19":{"start":{"line":28,"column":8},"end":{"line":30,"column":null}},"20":{"start":{"line":25,"column":15},"end":{"line":25,"column":22}},"21":{"start":{"line":35,"column":8},"end":{"line":37,"column":null}},"22":{"start":{"line":32,"column":18},"end":{"line":32,"column":25}},"23":{"start":{"line":13,"column":13},"end":{"line":38,"column":null}}},"fnMap":{"0":{"name":"(anonymous_4)","decl":{"start":{"line":14,"column":2},"end":{"line":14,"column":null}},"loc":{"start":{"line":17,"column":57},"end":{"line":18,"column":6}}},"1":{"name":"(anonymous_5)","decl":{"start":{"line":21,"column":2},"end":{"line":21,"column":7}},"loc":{"start":{"line":21,"column":64},"end":{"line":23,"column":3}}},"2":{"name":"(anonymous_6)","decl":{"start":{"line":28,"column":2},"end":{"line":28,"column":7}},"loc":{"start":{"line":28,"column":38},"end":{"line":30,"column":3}}},"3":{"name":"(anonymous_7)","decl":{"start":{"line":35,"column":2},"end":{"line":35,"column":7}},"loc":{"start":{"line":35,"column":90},"end":{"line":37,"column":3}}},"4":{"name":"(anonymous_8)","decl":{"start":{"line":20,"column":12},"end":{"line":20,"column":15}},"loc":{"start":{"line":20,"column":18},"end":{"line":20,"column":25}}},"5":{"name":"(anonymous_9)","decl":{"start":{"line":25,"column":9},"end":{"line":25,"column":12}},"loc":{"start":{"line":25,"column":15},"end":{"line":25,"column":22}}},"6":{"name":"(anonymous_10)","decl":{"start":{"line":32,"column":12},"end":{"line":32,"column":15}},"loc":{"start":{"line":32,"column":18},"end":{"line":32,"column":25}}}},"branchMap":{},"s":{"0":1,"1":1,"2":1,"3":1,"4":1,"5":1,"6":1,"7":1,"8":1,"9":1,"10":4,"11":4,"12":4,"13":1,"14":1,"15":1,"16":1,"17":1,"18":0,"19":1,"20":0,"21":1,"22":0,"23":1},"f":{"0":4,"1":1,"2":1,"3":1,"4":0,"5":0,"6":0},"b":{}}
,"/Users/aldanalonghi/Documents/star_wars_api/src/modules/users/infrastructure/interface/graphql/dtos/index.ts": {"path":"/Users/aldanalonghi/Documents/star_wars_api/src/modules/users/infrastructure/interface/graphql/dtos/index.ts","statementMap":{"0":{"start":{"line":1,"column":0},"end":{"line":1,"column":81}},"1":{"start":{"line":2,"column":0},"end":{"line":2,"column":75}},"2":{"start":{"line":3,"column":0},"end":{"line":3,"column":56}},"3":{"start":{"line":5,"column":0},"end":{"line":5,"column":41}},"4":{"start":{"line":8,"column":7},"end":{"line":20,"column":null}},"5":{"start":{"line":8,"column":13},"end":{"line":8,"column":24}},"6":{"start":{"line":10,"column":2},"end":{"line":10,"column":null}},"7":{"start":{"line":13,"column":2},"end":{"line":13,"column":null}},"8":{"start":{"line":16,"column":2},"end":{"line":16,"column":null}},"9":{"start":{"line":19,"column":2},"end":{"line":19,"column":null}},"10":{"start":{"line":18,"column":15},"end":{"line":18,"column":19}},"11":{"start":{"line":8,"column":13},"end":{"line":20,"column":null}},"12":{"start":{"line":24,"column":7},"end":{"line":33,"column":null}},"13":{"start":{"line":24,"column":13},"end":{"line":24,"column":20}},"14":{"start":{"line":26,"column":2},"end":{"line":26,"column":null}},"15":{"start":{"line":29,"column":2},"end":{"line":29,"column":null}},"16":{"start":{"line":32,"column":2},"end":{"line":32,"column":null}},"17":{"start":{"line":31,"column":15},"end":{"line":31,"column":19}},"18":{"start":{"line":24,"column":13},"end":{"line":33,"column":null}},"19":{"start":{"line":36,"column":7},"end":{"line":52,"column":null}},"20":{"start":{"line":36,"column":13},"end":{"line":36,"column":28}},"21":{"start":{"line":40,"column":2},"end":{"line":40,"column":null}},"22":{"start":{"line":45,"column":2},"end":{"line":45,"column":null}},"23":{"start":{"line":51,"column":2},"end":{"line":51,"column":null}},"24":{"start":{"line":36,"column":13},"end":{"line":52,"column":null}}},"fnMap":{"0":{"name":"(anonymous_2)","decl":{"start":{"line":18,"column":9},"end":{"line":18,"column":12}},"loc":{"start":{"line":18,"column":15},"end":{"line":18,"column":19}}},"1":{"name":"(anonymous_3)","decl":{"start":{"line":31,"column":9},"end":{"line":31,"column":12}},"loc":{"start":{"line":31,"column":15},"end":{"line":31,"column":19}}}},"branchMap":{},"s":{"0":1,"1":1,"2":1,"3":1,"4":1,"5":1,"6":1,"7":1,"8":1,"9":1,"10":0,"11":1,"12":1,"13":1,"14":1,"15":1,"16":1,"17":0,"18":1,"19":1,"20":1,"21":1,"22":1,"23":1,"24":1},"f":{"0":0,"1":0},"b":{}}
,"/Users/aldanalonghi/Documents/star_wars_api/src/modules/users/infrastructure/persitance/repositories/mongodb/user.repository.mock.ts": {"path":"/Users/aldanalonghi/Documents/star_wars_api/src/modules/users/infrastructure/persitance/repositories/mongodb/user.repository.mock.ts","statementMap":{"0":{"start":{"line":4,"column":11},"end":{"line":4,"column":44}},"1":{"start":{"line":5,"column":13},"end":{"line":5,"column":46}},"2":{"start":{"line":6,"column":16},"end":{"line":6,"column":49}},"3":{"start":{"line":7,"column":11},"end":{"line":7,"column":44}},"4":{"start":{"line":3,"column":0},"end":{"line":3,"column":13}}},"fnMap":{},"branchMap":{},"s":{"0":16,"1":16,"2":16,"3":16,"4":4},"f":{},"b":{}}
,"/Users/aldanalonghi/Documents/star_wars_api/src/modules/users/infrastructure/persitance/repositories/mongodb/user.repository.ts": {"path":"/Users/aldanalonghi/Documents/star_wars_api/src/modules/users/infrastructure/persitance/repositories/mongodb/user.repository.ts","statementMap":{"0":{"start":{"line":1,"column":0},"end":{"line":1,"column":44}},"1":{"start":{"line":2,"column":0},"end":{"line":2,"column":47}},"2":{"start":{"line":3,"column":0},"end":{"line":3,"column":33}},"3":{"start":{"line":4,"column":0},"end":{"line":4,"column":56}},"4":{"start":{"line":8,"column":7},"end":{"line":49,"column":null}},"5":{"start":{"line":10,"column":45},"end":{"line":10,"column":56}},"6":{"start":{"line":14,"column":4},"end":{"line":20,"column":5}},"7":{"start":{"line":15,"column":26},"end":{"line":15,"column":53}},"8":{"start":{"line":16,"column":24},"end":{"line":16,"column":48}},"9":{"start":{"line":17,"column":6},"end":{"line":17,"column":23}},"10":{"start":{"line":19,"column":7},"end":{"line":19,"column":16}},"11":{"start":{"line":24,"column":4},"end":{"line":29,"column":5}},"12":{"start":{"line":25,"column":21},"end":{"line":25,"column":61}},"13":{"start":{"line":26,"column":6},"end":{"line":26,"column":61}},"14":{"start":{"line":28,"column":6},"end":{"line":28,"column":15}},"15":{"start":{"line":33,"column":4},"end":{"line":38,"column":5}},"16":{"start":{"line":34,"column":19},"end":{"line":34,"column":65}},"17":{"start":{"line":35,"column":6},"end":{"line":35,"column":55}},"18":{"start":{"line":37,"column":6},"end":{"line":37,"column":15}},"19":{"start":{"line":42,"column":5},"end":{"line":47,"column":5}},"20":{"start":{"line":43,"column":22},"end":{"line":43,"column":98}},"21":{"start":{"line":44,"column":6},"end":{"line":44,"column":65}},"22":{"start":{"line":46,"column":6},"end":{"line":46,"column":15}},"23":{"start":{"line":8,"column":13},"end":{"line":8,"column":27}},"24":{"start":{"line":8,"column":13},"end":{"line":49,"column":null}}},"fnMap":{"0":{"name":"(anonymous_4)","decl":{"start":{"line":9,"column":2},"end":{"line":9,"column":null}},"loc":{"start":{"line":10,"column":67},"end":{"line":11,"column":6}}},"1":{"name":"(anonymous_5)","decl":{"start":{"line":13,"column":2},"end":{"line":13,"column":7}},"loc":{"start":{"line":13,"column":28},"end":{"line":21,"column":3}}},"2":{"name":"(anonymous_6)","decl":{"start":{"line":23,"column":2},"end":{"line":23,"column":7}},"loc":{"start":{"line":23,"column":27},"end":{"line":30,"column":3}}},"3":{"name":"(anonymous_7)","decl":{"start":{"line":32,"column":2},"end":{"line":32,"column":7}},"loc":{"start":{"line":32,"column":33},"end":{"line":39,"column":3}}},"4":{"name":"(anonymous_8)","decl":{"start":{"line":41,"column":2},"end":{"line":41,"column":7}},"loc":{"start":{"line":41,"column":52},"end":{"line":48,"column":3}}}},"branchMap":{"0":{"loc":{"start":{"line":26,"column":13},"end":{"line":26,"column":60}},"type":"cond-expr","locations":[{"start":{"line":26,"column":22},"end":{"line":26,"column":28}},{"start":{"line":26,"column":31},"end":{"line":26,"column":60}}]},"1":{"loc":{"start":{"line":35,"column":13},"end":{"line":35,"column":54}},"type":"cond-expr","locations":[{"start":{"line":35,"column":20},"end":{"line":35,"column":24}},{"start":{"line":35,"column":27},"end":{"line":35,"column":54}}]},"2":{"loc":{"start":{"line":44,"column":13},"end":{"line":44,"column":64}},"type":"cond-expr","locations":[{"start":{"line":44,"column":22},"end":{"line":44,"column":28}},{"start":{"line":44,"column":31},"end":{"line":44,"column":64}}]}},"s":{"0":1,"1":1,"2":1,"3":1,"4":1,"5":10,"6":2,"7":2,"8":2,"9":2,"10":0,"11":2,"12":2,"13":2,"14":0,"15":2,"16":2,"17":2,"18":0,"19":3,"20":3,"21":2,"22":1,"23":1,"24":1},"f":{"0":10,"1":2,"2":2,"3":2,"4":3},"b":{"0":[1,1],"1":[1,1],"2":[1,1]}}
,"/Users/aldanalonghi/Documents/star_wars_api/src/modules/users/infrastructure/persitance/repositories/mongodb/schemas/user.schema.ts": {"path":"/Users/aldanalonghi/Documents/star_wars_api/src/modules/users/infrastructure/persitance/repositories/mongodb/schemas/user.schema.ts","statementMap":{"0":{"start":{"line":1,"column":0},"end":{"line":1,"column":63}},"1":{"start":{"line":3,"column":0},"end":{"line":3,"column":59}},"2":{"start":{"line":9,"column":7},"end":{"line":21,"column":null}},"3":{"start":{"line":9,"column":13},"end":{"line":9,"column":17}},"4":{"start":{"line":11,"column":2},"end":{"line":11,"column":null}},"5":{"start":{"line":14,"column":2},"end":{"line":14,"column":null}},"6":{"start":{"line":17,"column":2},"end":{"line":17,"column":null}},"7":{"start":{"line":20,"column":2},"end":{"line":20,"column":null}},"8":{"start":{"line":9,"column":13},"end":{"line":21,"column":null}},"9":{"start":{"line":23,"column":13},"end":{"line":23,"column":61}}},"fnMap":{},"branchMap":{},"s":{"0":1,"1":1,"2":1,"3":1,"4":1,"5":1,"6":1,"7":1,"8":1,"9":1},"f":{},"b":{}}
,"/Users/aldanalonghi/Documents/star_wars_api/src/modules/users/infrastructure/providers/index.ts": {"path":"/Users/aldanalonghi/Documents/star_wars_api/src/modules/users/infrastructure/providers/index.ts","statementMap":{"0":{"start":{"line":2,"column":0},"end":{"line":2,"column":71}},"1":{"start":{"line":3,"column":0},"end":{"line":3,"column":69}},"2":{"start":{"line":4,"column":0},"end":{"line":4,"column":75}},"3":{"start":{"line":6,"column":0},"end":{"line":6,"column":84}},"4":{"start":{"line":7,"column":0},"end":{"line":7,"column":83}},"5":{"start":{"line":9,"column":13},"end":{"line":30,"column":2}},"6":{"start":{"line":12,"column":56},"end":{"line":12,"column":91}},"7":{"start":{"line":17,"column":56},"end":{"line":17,"column":90}},"8":{"start":{"line":22,"column":56},"end":{"line":22,"column":93}},"9":{"start":{"line":27,"column":56},"end":{"line":27,"column":97}}},"fnMap":{"0":{"name":"(anonymous_0)","decl":{"start":{"line":12,"column":16},"end":{"line":12,"column":17}},"loc":{"start":{"line":12,"column":56},"end":{"line":12,"column":91}}},"1":{"name":"(anonymous_1)","decl":{"start":{"line":17,"column":16},"end":{"line":17,"column":17}},"loc":{"start":{"line":17,"column":56},"end":{"line":17,"column":90}}},"2":{"name":"(anonymous_2)","decl":{"start":{"line":22,"column":16},"end":{"line":22,"column":17}},"loc":{"start":{"line":22,"column":56},"end":{"line":22,"column":93}}},"3":{"name":"(anonymous_3)","decl":{"start":{"line":27,"column":16},"end":{"line":27,"column":17}},"loc":{"start":{"line":27,"column":56},"end":{"line":27,"column":97}}}},"branchMap":{},"s":{"0":0,"1":0,"2":0,"3":0,"4":0,"5":0,"6":0,"7":0,"8":0,"9":0},"f":{"0":0,"1":0,"2":0,"3":0},"b":{}}
,"/Users/aldanalonghi/Documents/star_wars_api/src/shared/shared.module.ts": {"path":"/Users/aldanalonghi/Documents/star_wars_api/src/shared/shared.module.ts","statementMap":{"0":{"start":{"line":1,"column":0},"end":{"line":1,"column":40}},"1":{"start":{"line":2,"column":0},"end":{"line":2,"column":41}},"2":{"start":{"line":3,"column":0},"end":{"line":3,"column":46}},"3":{"start":{"line":4,"column":0},"end":{"line":4,"column":88}},"4":{"start":{"line":5,"column":0},"end":{"line":5,"column":83}},"5":{"start":{"line":6,"column":0},"end":{"line":6,"column":86}},"6":{"start":{"line":13,"column":7},"end":{"line":13,"column":null}},"7":{"start":{"line":13,"column":13},"end":{"line":13,"column":25}},"8":{"start":{"line":13,"column":13},"end":{"line":13,"column":null}}},"fnMap":{},"branchMap":{},"s":{"0":2,"1":2,"2":2,"3":2,"4":2,"5":2,"6":2,"7":2,"8":2},"f":{},"b":{}}
,"/Users/aldanalonghi/Documents/star_wars_api/src/shared/infrastructure/interface/graphql/decorators/roles.decorator.ts": {"path":"/Users/aldanalonghi/Documents/star_wars_api/src/shared/infrastructure/interface/graphql/decorators/roles.decorator.ts","statementMap":{"0":{"start":{"line":2,"column":0},"end":{"line":2,"column":45}},"1":{"start":{"line":6,"column":4},"end":{"line":6,"column":39}},"2":{"start":{"line":4,"column":0},"end":{"line":4,"column":13}}},"fnMap":{"0":{"name":"(anonymous_0)","decl":{"start":{"line":5,"column":2},"end":{"line":5,"column":8}},"loc":{"start":{"line":5,"column":36},"end":{"line":7,"column":3}}}},"branchMap":{},"s":{"0":2,"1":6,"2":2},"f":{"0":6},"b":{}}
,"/Users/aldanalonghi/Documents/star_wars_api/src/shared/infrastructure/interface/graphql/guards/auth.guard.ts": {"path":"/Users/aldanalonghi/Documents/star_wars_api/src/shared/infrastructure/interface/graphql/guards/auth.guard.ts","statementMap":{"0":{"start":{"line":1,"column":0},"end":{"line":1,"column":null}},"1":{"start":{"line":7,"column":0},"end":{"line":7,"column":54}},"2":{"start":{"line":8,"column":0},"end":{"line":8,"column":41}},"3":{"start":{"line":12,"column":7},"end":{"line":41,"column":null}},"4":{"start":{"line":13,"column":22},"end":{"line":13,"column":34}},"5":{"start":{"line":16,"column":16},"end":{"line":16,"column":51}},"6":{"start":{"line":17,"column":20},"end":{"line":17,"column":40}},"7":{"start":{"line":19,"column":18},"end":{"line":19,"column":54}},"8":{"start":{"line":20,"column":4},"end":{"line":22,"column":5}},"9":{"start":{"line":21,"column":6},"end":{"line":21,"column":40}},"10":{"start":{"line":23,"column":4},"end":{"line":33,"column":5}},"11":{"start":{"line":24,"column":22},"end":{"line":28,"column":null}},"12":{"start":{"line":30,"column":6},"end":{"line":30,"column":32}},"13":{"start":{"line":32,"column":6},"end":{"line":32,"column":40}},"14":{"start":{"line":34,"column":4},"end":{"line":34,"column":16}},"15":{"start":{"line":38,"column":26},"end":{"line":38,"column":73}},"16":{"start":{"line":39,"column":4},"end":{"line":39,"column":49}},"17":{"start":{"line":12,"column":13},"end":{"line":12,"column":29}},"18":{"start":{"line":12,"column":13},"end":{"line":41,"column":null}}},"fnMap":{"0":{"name":"(anonymous_2)","decl":{"start":{"line":13,"column":2},"end":{"line":13,"column":22}},"loc":{"start":{"line":13,"column":44},"end":{"line":13,"column":48}}},"1":{"name":"(anonymous_3)","decl":{"start":{"line":15,"column":2},"end":{"line":15,"column":7}},"loc":{"start":{"line":15,"column":45},"end":{"line":35,"column":3}}},"2":{"name":"(anonymous_4)","decl":{"start":{"line":37,"column":10},"end":{"line":37,"column":32}},"loc":{"start":{"line":37,"column":49},"end":{"line":40,"column":3}}}},"branchMap":{"0":{"loc":{"start":{"line":20,"column":4},"end":{"line":22,"column":5}},"type":"if","locations":[{"start":{"line":20,"column":4},"end":{"line":22,"column":5}}]},"1":{"loc":{"start":{"line":38,"column":26},"end":{"line":38,"column":73}},"type":"binary-expr","locations":[{"start":{"line":38,"column":26},"end":{"line":38,"column":67}},{"start":{"line":38,"column":71},"end":{"line":38,"column":73}}]},"2":{"loc":{"start":{"line":39,"column":11},"end":{"line":39,"column":48}},"type":"cond-expr","locations":[{"start":{"line":39,"column":31},"end":{"line":39,"column":36}},{"start":{"line":39,"column":39},"end":{"line":39,"column":48}}]}},"s":{"0":2,"1":2,"2":2,"3":2,"4":27,"5":0,"6":0,"7":0,"8":0,"9":0,"10":0,"11":0,"12":0,"13":0,"14":0,"15":0,"16":0,"17":2,"18":2},"f":{"0":27,"1":0,"2":0},"b":{"0":[0],"1":[0,0],"2":[0,0]}}
,"/Users/aldanalonghi/Documents/star_wars_api/src/shared/infrastructure/interface/graphql/guards/roles.guard.ts": {"path":"/Users/aldanalonghi/Documents/star_wars_api/src/shared/infrastructure/interface/graphql/guards/roles.guard.ts","statementMap":{"0":{"start":{"line":1,"column":0},"end":{"line":1,"column":75}},"1":{"start":{"line":2,"column":0},"end":{"line":2,"column":54}},"2":{"start":{"line":4,"column":0},"end":{"line":4,"column":41}},"3":{"start":{"line":8,"column":7},"end":{"line":24,"column":null}},"4":{"start":{"line":9,"column":22},"end":{"line":9,"column":33}},"5":{"start":{"line":14,"column":16},"end":{"line":14,"column":51}},"6":{"start":{"line":15,"column":18},"end":{"line":15,"column":77}},"7":{"start":{"line":17,"column":4},"end":{"line":19,"column":5}},"8":{"start":{"line":18,"column":6},"end":{"line":18,"column":19}},"9":{"start":{"line":21,"column":21},"end":{"line":21,"column":41}},"10":{"start":{"line":22,"column":4},"end":{"line":22,"column":45}},"11":{"start":{"line":8,"column":13},"end":{"line":8,"column":23}},"12":{"start":{"line":8,"column":13},"end":{"line":24,"column":null}}},"fnMap":{"0":{"name":"(anonymous_2)","decl":{"start":{"line":9,"column":2},"end":{"line":9,"column":22}},"loc":{"start":{"line":9,"column":42},"end":{"line":9,"column":46}}},"1":{"name":"(anonymous_3)","decl":{"start":{"line":11,"column":2},"end":{"line":11,"column":13}},"loc":{"start":{"line":12,"column":29},"end":{"line":23,"column":3}}}},"branchMap":{"0":{"loc":{"start":{"line":17,"column":4},"end":{"line":19,"column":5}},"type":"if","locations":[{"start":{"line":17,"column":4},"end":{"line":19,"column":5}}]}},"s":{"0":2,"1":2,"2":2,"3":2,"4":27,"5":0,"6":0,"7":0,"8":0,"9":0,"10":0,"11":2,"12":2},"f":{"0":27,"1":0},"b":{"0":[0]}}
}
