TN:
SF:src/app.module.ts
FNF:0
FNH:0
DA:1,0
DA:2,0
DA:3,0
DA:4,0
DA:5,0
DA:6,0
DA:7,0
DA:8,0
DA:9,0
DA:10,0
DA:11,0
DA:32,0
LF:12
LH:0
BRF:0
BRH:0
end_of_record
TN:
SF:src/main.ts
FN:4,bootstrap
FNF:1
FNH:0
FNDA:0,bootstrap
DA:1,0
DA:2,0
DA:5,0
DA:6,0
DA:8,0
LF:5
LH:0
BRDA:6,0,0,0
BRDA:6,0,1,0
BRF:2
BRH:0
end_of_record
TN:
SF:src/modules/auth/auth.module.ts
FN:18,(anonymous_1)
FNF:1
FNH:0
FNDA:0,(anonymous_1)
DA:1,0
DA:2,0
DA:3,0
DA:4,0
DA:5,0
DA:6,0
DA:7,0
DA:18,0
DA:26,0
LF:9
LH:0
BRF:0
BRH:0
end_of_record
TN:
SF:src/modules/auth/application/use-cases/Login.ts
FN:8,(anonymous_2)
FN:13,(anonymous_3)
FNF:2
FNH:2
FNDA:4,(anonymous_2)
FNDA:3,(anonymous_3)
DA:1,1
DA:2,1
DA:3,1
DA:4,1
DA:7,1
DA:9,4
DA:10,4
DA:14,3
DA:15,3
DA:16,2
DA:17,1
DA:19,1
DA:20,1
DA:22,1
LF:14
LH:14
BRDA:15,0,0,2
BRDA:15,0,1,1
BRDA:16,1,0,1
BRDA:16,2,0,2
BRDA:16,2,1,2
BRF:5
BRH:5
end_of_record
TN:
SF:src/modules/auth/domain/index.ts
FNF:0
FNH:0
DA:1,0
LF:1
LH:0
BRF:0
BRH:0
end_of_record
TN:
SF:src/modules/auth/domain/dtos/auth.login.ts
FNF:0
FNH:0
DA:1,0
DA:4,0
DA:6,0
DA:10,0
DA:12,0
DA:15,0
LF:6
LH:0
BRF:0
BRH:0
end_of_record
TN:
SF:src/modules/auth/domain/dtos/index.ts
FNF:0
FNH:0
DA:1,0
LF:1
LH:0
BRF:0
BRH:0
end_of_record
TN:
SF:src/modules/auth/infrastructure/interface/graphql/auth.resolver.ts
FN:7,(anonymous_4)
FN:12,(anonymous_5)
FN:11,(anonymous_6)
FNF:3
FNH:0
FNDA:0,(anonymous_4)
FNDA:0,(anonymous_5)
FNDA:0,(anonymous_6)
DA:1,0
DA:2,0
DA:3,0
DA:6,0
DA:8,0
DA:11,0
DA:12,0
DA:13,0
LF:8
LH:0
BRF:0
BRH:0
end_of_record
TN:
SF:src/modules/auth/infrastructure/providers/use-cases/index.ts
FN:9,(anonymous_0)
FNF:1
FNH:0
FNDA:0,(anonymous_0)
DA:2,0
DA:3,0
DA:4,0
DA:6,0
DA:10,0
LF:5
LH:0
BRF:0
BRH:0
end_of_record
TN:
SF:src/modules/movies/movies.module.ts
FN:20,(anonymous_2)
FN:22,(anonymous_3)
FNF:2
FNH:0
FNDA:0,(anonymous_2)
FNDA:0,(anonymous_3)
DA:1,0
DA:2,0
DA:3,0
DA:4,0
DA:5,0
DA:6,0
DA:7,0
DA:8,0
DA:9,0
DA:10,0
DA:11,0
DA:19,0
DA:20,0
DA:23,0
LF:14
LH:0
BRF:0
BRH:0
end_of_record
TN:
SF:src/modules/movies/application/use-cases/CreateMovie.ts
FN:7,(anonymous_2)
FN:9,(anonymous_3)
FNF:2
FNH:2
FNDA:3,(anonymous_2)
FNDA:2,(anonymous_3)
DA:1,2
DA:6,2
DA:7,3
DA:10,2
LF:4
LH:4
BRF:0
BRH:0
end_of_record
TN:
SF:src/modules/movies/application/use-cases/GetMovieByTitle.ts
FN:7,(anonymous_2)
FN:9,(anonymous_3)
FNF:2
FNH:2
FNDA:4,(anonymous_2)
FNDA:3,(anonymous_3)
DA:1,2
DA:6,2
DA:7,4
DA:10,3
DA:12,2
DA:13,0
DA:16,2
LF:7
LH:6
BRDA:12,0,0,0
BRF:1
BRH:0
end_of_record
TN:
SF:src/modules/movies/application/use-cases/GetMovies.ts
FN:7,(anonymous_2)
FN:9,(anonymous_3)
FNF:2
FNH:2
FNDA:4,(anonymous_2)
FNDA:3,(anonymous_3)
DA:1,2
DA:6,2
DA:7,4
DA:10,3
DA:11,3
LF:5
LH:5
BRF:0
BRH:0
end_of_record
TN:
SF:src/modules/movies/application/use-cases/UpdateMovie.ts
FN:7,(anonymous_2)
FN:9,(anonymous_3)
FNF:2
FNH:2
FNDA:3,(anonymous_2)
FNDA:2,(anonymous_3)
DA:1,2
DA:6,2
DA:7,3
DA:10,2
LF:4
LH:4
BRF:0
BRH:0
end_of_record
TN:
SF:src/modules/movies/domain/entities/movie.mock.ts
FNF:0
FNH:0
DA:3,6
LF:1
LH:1
BRF:0
BRH:0
end_of_record
TN:
SF:src/modules/movies/domain/entities/movie.ts
FNF:0
FNH:0
DA:1,2
LF:1
LH:1
BRF:0
BRH:0
end_of_record
TN:
SF:src/modules/movies/infraestructure/external/external-stars-wars.service.ts
FN:13,(anonymous_2)
FN:15,(anonymous_3)
FN:25,(anonymous_4)
FN:60,(anonymous_5)
FN:65,(anonymous_6)
FN:68,(anonymous_7)
FN:74,(anonymous_8)
FNF:7
FNH:0
FNDA:0,(anonymous_2)
FNDA:0,(anonymous_3)
FNDA:0,(anonymous_4)
FNDA:0,(anonymous_5)
FNDA:0,(anonymous_6)
FNDA:0,(anonymous_7)
FNDA:0,(anonymous_8)
DA:2,0
DA:3,0
DA:7,0
DA:8,0
DA:9,0
DA:10,0
DA:13,0
DA:16,0
DA:17,0
DA:18,0
DA:20,0
DA:21,0
DA:26,0
DA:27,0
DA:28,0
DA:30,0
DA:32,0
DA:33,0
DA:50,0
DA:53,0
DA:55,0
DA:56,0
DA:61,0
DA:62,0
DA:66,0
DA:68,0
DA:69,0
DA:70,0
DA:75,0
DA:76,0
DA:77,0
LF:31
LH:0
BRDA:30,0,0,0
BRDA:30,0,1,0
BRDA:32,1,0,0
BRDA:75,2,0,0
BRF:4
BRH:0
end_of_record
TN:
SF:src/modules/movies/infraestructure/interface/graphql/movie.resolver.ts
FN:15,(anonymous_4)
FN:25,(anonymous_5)
FN:32,(anonymous_6)
FN:39,(anonymous_7)
FN:46,(anonymous_8)
FN:22,(anonymous_9)
FN:29,(anonymous_10)
FN:36,(anonymous_11)
FN:43,(anonymous_12)
FN:13,(anonymous_13)
FNF:10
FNH:6
FNDA:5,(anonymous_4)
FNDA:1,(anonymous_5)
FNDA:1,(anonymous_6)
FNDA:1,(anonymous_7)
FNDA:1,(anonymous_8)
FNDA:0,(anonymous_9)
FNDA:0,(anonymous_10)
FNDA:0,(anonymous_11)
FNDA:0,(anonymous_12)
FNDA:2,(anonymous_13)
DA:1,1
DA:2,1
DA:3,1
DA:4,1
DA:5,1
DA:6,1
DA:7,1
DA:8,1
DA:9,1
DA:10,1
DA:11,1
DA:13,2
DA:14,1
DA:16,5
DA:17,5
DA:18,5
DA:19,5
DA:22,0
DA:25,1
DA:26,1
DA:29,0
DA:32,1
DA:33,1
DA:36,0
DA:39,1
DA:40,1
DA:43,0
DA:46,1
DA:50,1
LF:29
LH:25
BRF:0
BRH:0
end_of_record
TN:
SF:src/modules/movies/infraestructure/interface/graphql/dtos/index.ts
FN:5,(anonymous_2)
FN:26,(anonymous_3)
FN:29,(anonymous_4)
FN:32,(anonymous_5)
FN:35,(anonymous_6)
FN:38,(anonymous_7)
FN:71,(anonymous_8)
FN:74,(anonymous_9)
FN:77,(anonymous_10)
FN:80,(anonymous_11)
FN:83,(anonymous_12)
FN:116,(anonymous_13)
FN:119,(anonymous_14)
FN:122,(anonymous_15)
FN:125,(anonymous_16)
FN:128,(anonymous_17)
FNF:16
FNH:0
FNDA:0,(anonymous_2)
FNDA:0,(anonymous_3)
FNDA:0,(anonymous_4)
FNDA:0,(anonymous_5)
FNDA:0,(anonymous_6)
FNDA:0,(anonymous_7)
FNDA:0,(anonymous_8)
FNDA:0,(anonymous_9)
FNDA:0,(anonymous_10)
FNDA:0,(anonymous_11)
FNDA:0,(anonymous_12)
FNDA:0,(anonymous_13)
FNDA:0,(anonymous_14)
FNDA:0,(anonymous_15)
FNDA:0,(anonymous_16)
FNDA:0,(anonymous_17)
DA:1,1
DA:4,1
DA:5,0
DA:6,1
DA:9,1
DA:12,1
DA:15,1
DA:18,1
DA:21,1
DA:24,1
DA:26,0
DA:27,1
DA:29,0
DA:30,1
DA:32,0
DA:33,1
DA:35,0
DA:36,1
DA:38,0
DA:39,1
DA:42,1
DA:45,1
DA:48,1
DA:52,1
DA:54,1
DA:57,1
DA:60,1
DA:63,1
DA:66,1
DA:69,1
DA:71,0
DA:72,1
DA:74,0
DA:75,1
DA:77,0
DA:78,1
DA:80,0
DA:81,1
DA:83,0
DA:84,1
DA:87,1
DA:90,1
DA:93,1
DA:97,1
DA:99,1
DA:102,1
DA:105,1
DA:108,1
DA:111,1
DA:114,1
DA:116,0
DA:117,1
DA:119,0
DA:120,1
DA:122,0
DA:123,1
DA:125,0
DA:126,1
DA:128,0
DA:129,1
DA:132,1
DA:135,1
DA:138,1
LF:63
LH:47
BRF:0
BRH:0
end_of_record
TN:
SF:src/modules/movies/infraestructure/persistance/repositories/mongodb/movie.repository.mock.ts
FN:6,(anonymous_0)
FN:11,(anonymous_1)
FN:16,(anonymous_2)
FN:21,(anonymous_3)
FNF:4
FNH:0
FNDA:0,(anonymous_0)
FNDA:0,(anonymous_1)
FNDA:0,(anonymous_2)
FNDA:0,(anonymous_3)
DA:2,4
DA:5,4
DA:6,14
DA:7,0
DA:8,0
DA:11,14
DA:12,0
DA:13,0
DA:16,14
DA:17,0
DA:18,0
DA:21,14
DA:22,0
DA:23,0
DA:24,0
LF:15
LH:6
BRF:0
BRH:0
end_of_record
TN:
SF:src/modules/movies/infraestructure/persistance/repositories/mongodb/movie.repository.ts
FN:9,(anonymous_4)
FN:11,(anonymous_5)
FN:20,(anonymous_6)
FN:30,(anonymous_7)
FN:39,(anonymous_8)
FNF:5
FNH:5
FNDA:11,(anonymous_4)
FNDA:2,(anonymous_5)
FNDA:2,(anonymous_6)
FNDA:3,(anonymous_7)
FNDA:3,(anonymous_8)
DA:1,1
DA:2,1
DA:3,1
DA:4,1
DA:8,1
DA:9,11
DA:12,2
DA:13,2
DA:14,1
DA:16,1
DA:21,2
DA:22,2
DA:24,2
DA:26,0
DA:31,3
DA:32,3
DA:33,2
DA:35,1
DA:40,3
DA:41,3
DA:42,2
DA:44,1
LF:22
LH:21
BRDA:24,0,0,1
BRDA:24,0,1,1
BRDA:32,1,0,0
BRDA:32,1,1,3
BRDA:42,2,0,1
BRDA:42,2,1,1
BRF:6
BRH:5
end_of_record
TN:
SF:src/modules/movies/infraestructure/persistance/repositories/mongodb/schema/movie.schema.ts
FNF:0
FNH:0
DA:1,1
DA:7,1
DA:9,1
DA:12,1
DA:15,1
DA:18,1
DA:21,1
DA:24,1
DA:27,1
DA:30,1
DA:33,1
DA:36,1
DA:39,1
DA:42,1
DA:45,1
DA:48,1
DA:51,1
LF:17
LH:17
BRF:0
BRH:0
end_of_record
TN:
SF:src/modules/movies/infraestructure/providers/index.ts
FN:13,(anonymous_0)
FN:20,(anonymous_1)
FN:27,(anonymous_2)
FN:34,(anonymous_3)
FN:41,(anonymous_4)
FNF:5
FNH:0
FNDA:0,(anonymous_0)
FNDA:0,(anonymous_1)
FNDA:0,(anonymous_2)
FNDA:0,(anonymous_3)
FNDA:0,(anonymous_4)
DA:2,0
DA:3,0
DA:5,0
DA:6,0
DA:7,0
DA:8,0
DA:10,0
DA:14,0
DA:21,0
DA:28,0
DA:35,0
DA:42,0
LF:12
LH:0
BRF:0
BRH:0
end_of_record
TN:
SF:src/modules/users/users.module.ts
FNF:0
FNH:0
DA:1,0
DA:2,0
DA:3,0
DA:4,0
DA:5,0
DA:6,0
DA:7,0
DA:8,0
DA:9,0
DA:10,0
DA:11,0
DA:12,0
DA:19,0
LF:13
LH:0
BRF:0
BRH:0
end_of_record
TN:
SF:src/modules/users/application/use-cases/GetUser.ts
FN:7,(anonymous_2)
FN:9,(anonymous_3)
FNF:2
FNH:2
FNDA:4,(anonymous_2)
FNDA:3,(anonymous_3)
DA:1,2
DA:6,2
DA:7,4
DA:10,3
DA:11,2
LF:5
LH:5
BRF:0
BRH:0
end_of_record
TN:
SF:src/modules/users/application/use-cases/GetUserByEmail.ts
FN:7,(anonymous_2)
FN:9,(anonymous_3)
FNF:2
FNH:2
FNDA:4,(anonymous_2)
FNDA:3,(anonymous_3)
DA:1,2
DA:6,2
DA:7,4
DA:10,3
LF:4
LH:4
BRF:0
BRH:0
end_of_record
TN:
SF:src/modules/users/application/use-cases/Register.ts
FN:8,(anonymous_2)
FN:10,(anonymous_3)
FNF:2
FNH:2
FNDA:4,(anonymous_2)
FNDA:3,(anonymous_3)
DA:1,2
DA:2,2
DA:7,2
DA:8,4
DA:11,3
DA:12,2
LF:6
LH:6
BRF:0
BRH:0
end_of_record
TN:
SF:src/modules/users/application/use-cases/UpdateUser.ts
FN:7,(anonymous_2)
FN:9,(anonymous_3)
FNF:2
FNH:2
FNDA:4,(anonymous_2)
FNDA:3,(anonymous_3)
DA:1,2
DA:6,2
DA:7,4
DA:10,3
LF:4
LH:4
BRF:0
BRH:0
end_of_record
TN:
SF:src/modules/users/domain/entities/user.mock.ts
FNF:0
FNH:0
DA:1,6
DA:3,6
LF:2
LH:2
BRF:0
BRH:0
end_of_record
TN:
SF:src/modules/users/domain/entities/user.ts
FN:1,(anonymous_0)
FNF:1
FNH:1
FNDA:7,(anonymous_0)
DA:1,7
DA:2,7
DA:3,7
DA:6,7
LF:4
LH:4
BRDA:1,0,0,7
BRDA:1,0,1,7
BRF:2
BRH:2
end_of_record
TN:
SF:src/modules/users/infrastructure/interface/graphql/user.resolver.ts
FN:14,(anonymous_4)
FN:21,(anonymous_5)
FN:28,(anonymous_6)
FN:35,(anonymous_7)
FN:20,(anonymous_8)
FN:25,(anonymous_9)
FN:32,(anonymous_10)
FNF:7
FNH:4
FNDA:4,(anonymous_4)
FNDA:1,(anonymous_5)
FNDA:1,(anonymous_6)
FNDA:1,(anonymous_7)
FNDA:0,(anonymous_8)
FNDA:0,(anonymous_9)
FNDA:0,(anonymous_10)
DA:1,1
DA:2,1
DA:3,1
DA:4,1
DA:5,1
DA:6,1
DA:7,1
DA:8,1
DA:10,1
DA:13,1
DA:15,4
DA:16,4
DA:17,4
DA:20,0
DA:21,1
DA:22,1
DA:25,0
DA:28,1
DA:29,1
DA:32,0
DA:35,1
DA:36,1
LF:22
LH:19
BRF:0
BRH:0
end_of_record
TN:
SF:src/modules/users/infrastructure/interface/graphql/dtos/index.ts
FN:18,(anonymous_2)
FN:31,(anonymous_3)
FNF:2
FNH:0
FNDA:0,(anonymous_2)
FNDA:0,(anonymous_3)
DA:1,1
DA:2,1
DA:3,1
DA:5,1
DA:8,1
DA:10,1
DA:13,1
DA:16,1
DA:18,0
DA:19,1
DA:24,1
DA:26,1
DA:29,1
DA:31,0
DA:32,1
DA:36,1
DA:40,1
DA:45,1
DA:51,1
LF:19
LH:17
BRF:0
BRH:0
end_of_record
TN:
SF:src/modules/users/infrastructure/persitance/repositories/mongodb/user.repository.mock.ts
FNF:0
FNH:0
DA:3,4
DA:4,16
DA:5,16
DA:6,16
DA:7,16
LF:5
LH:5
BRF:0
BRH:0
end_of_record
TN:
SF:src/modules/users/infrastructure/persitance/repositories/mongodb/user.repository.ts
FN:9,(anonymous_4)
FN:13,(anonymous_5)
FN:23,(anonymous_6)
FN:32,(anonymous_7)
FN:41,(anonymous_8)
FNF:5
FNH:5
FNDA:10,(anonymous_4)
FNDA:2,(anonymous_5)
FNDA:2,(anonymous_6)
FNDA:2,(anonymous_7)
FNDA:3,(anonymous_8)
DA:1,1
DA:2,1
DA:3,1
DA:4,1
DA:8,1
DA:10,10
DA:14,2
DA:15,2
DA:16,2
DA:17,2
DA:19,0
DA:24,2
DA:25,2
DA:26,2
DA:28,0
DA:33,2
DA:34,2
DA:35,2
DA:37,0
DA:42,3
DA:43,3
DA:44,2
DA:46,1
LF:23
LH:20
BRDA:26,0,0,1
BRDA:26,0,1,1
BRDA:35,1,0,1
BRDA:35,1,1,1
BRDA:44,2,0,1
BRDA:44,2,1,1
BRF:6
BRH:6
end_of_record
TN:
SF:src/modules/users/infrastructure/persitance/repositories/mongodb/schemas/user.schema.ts
FNF:0
FNH:0
DA:1,1
DA:3,1
DA:9,1
DA:11,1
DA:14,1
DA:17,1
DA:20,1
DA:23,1
LF:8
LH:8
BRF:0
BRH:0
end_of_record
TN:
SF:src/modules/users/infrastructure/providers/index.ts
FN:12,(anonymous_0)
FN:17,(anonymous_1)
FN:22,(anonymous_2)
FN:27,(anonymous_3)
FNF:4
FNH:0
FNDA:0,(anonymous_0)
FNDA:0,(anonymous_1)
FNDA:0,(anonymous_2)
FNDA:0,(anonymous_3)
DA:2,0
DA:3,0
DA:4,0
DA:6,0
DA:7,0
DA:9,0
DA:12,0
DA:17,0
DA:22,0
DA:27,0
LF:10
LH:0
BRF:0
BRH:0
end_of_record
TN:
SF:src/shared/shared.module.ts
FNF:0
FNH:0
DA:1,2
DA:2,2
DA:3,2
DA:4,2
DA:5,2
DA:6,2
DA:13,2
LF:7
LH:7
BRF:0
BRH:0
end_of_record
TN:
SF:src/shared/infrastructure/interface/graphql/decorators/roles.decorator.ts
FN:5,(anonymous_0)
FNF:1
FNH:1
FNDA:6,(anonymous_0)
DA:2,2
DA:4,2
DA:6,6
LF:3
LH:3
BRF:0
BRH:0
end_of_record
TN:
SF:src/shared/infrastructure/interface/graphql/guards/auth.guard.ts
FN:13,(anonymous_2)
FN:15,(anonymous_3)
FN:37,(anonymous_4)
FNF:3
FNH:1
FNDA:27,(anonymous_2)
FNDA:0,(anonymous_3)
FNDA:0,(anonymous_4)
DA:1,2
DA:7,2
DA:8,2
DA:12,2
DA:13,27
DA:16,0
DA:17,0
DA:19,0
DA:20,0
DA:21,0
DA:23,0
DA:24,0
DA:30,0
DA:32,0
DA:34,0
DA:38,0
DA:39,0
LF:17
LH:5
BRDA:20,0,0,0
BRDA:38,1,0,0
BRDA:38,1,1,0
BRDA:39,2,0,0
BRDA:39,2,1,0
BRF:5
BRH:0
end_of_record
TN:
SF:src/shared/infrastructure/interface/graphql/guards/roles.guard.ts
FN:9,(anonymous_2)
FN:11,(anonymous_3)
FNF:2
FNH:1
FNDA:27,(anonymous_2)
FNDA:0,(anonymous_3)
DA:1,2
DA:2,2
DA:4,2
DA:8,2
DA:9,27
DA:14,0
DA:15,0
DA:17,0
DA:18,0
DA:21,0
DA:22,0
LF:11
LH:5
BRDA:17,0,0,0
BRF:1
BRH:0
end_of_record
